0 verbose cli C:\Program Files\nodejs\node.exe C:\Program Files\nodejs\node_modules\npm\bin\npm-cli.js
1 info using npm@10.2.4
2 info using node@v20.11.0
3 timing npm:load:whichnode Completed in 3ms
4 timing config:load:defaults Completed in 5ms
5 timing config:load:file:C:\Program Files\nodejs\node_modules\npm\npmrc Completed in 7ms
6 timing config:load:builtin Completed in 8ms
7 timing config:load:cli Completed in 3ms
8 timing config:load:env Completed in 1ms
9 timing config:load:file:C:\Users\Toshiba\WakaShop\.npmrc Completed in 0ms
10 timing config:load:project Completed in 2ms
11 timing config:load:file:C:\Users\Toshiba\.npmrc Completed in 2ms
12 timing config:load:user Completed in 2ms
13 timing config:load:file:C:\Users\Toshiba\AppData\Roaming\npm\etc\npmrc Completed in 1ms
14 timing config:load:global Completed in 1ms
15 timing config:load:setEnvs Completed in 1ms
16 timing config:load Completed in 23ms
17 timing npm:load:configload Completed in 23ms
18 timing config:load:flatten Completed in 3ms
19 timing npm:load:mkdirpcache Completed in 0ms
20 timing npm:load:mkdirplogs Completed in 0ms
21 verbose title npm init
22 verbose argv "init" "--yes"
23 timing npm:load:setTitle Completed in 2ms
24 timing npm:load:display Completed in 1ms
25 verbose logfile logs-max:10 dir:C:\Users\Toshiba\WakaShop\UsersToshibaAppDataLocalnpm-cache\_logs\2025-01-08T17_13_11_009Z-
26 verbose logfile C:\Users\Toshiba\WakaShop\UsersToshibaAppDataLocalnpm-cache\_logs\2025-01-08T17_13_11_009Z-debug-0.log
27 timing npm:load:logFile Completed in 13ms
28 timing npm:load:timers Completed in 0ms
29 timing npm:load:configScope Completed in 0ms
30 timing npm:load Completed in 77ms
31 silly logfile done cleaning log files
32 silly package data {
32 silly package data   name: 'wakashop',
32 silly package data   version: '1.0.0',
32 silly package data   description: 'WakaShop is an innovative eCommerce platform designed to provide users with a seamless online shopping experience. From browsing through a variety of products to easy checkout and payment options, WakaShop is dedicated to delivering quality service and user satisfaction.',
32 silly package data   main: 'index.js',
32 silly package data   dependencies: {
32 silly package data     'ansi-regex': '^6.1.0',
32 silly package data     'ansi-styles': '^6.2.1',
32 silly package data     'any-promise': '^1.3.0',
32 silly package data     anymatch: '^3.1.3',
32 silly package data     arg: '^5.0.2',
32 silly package data     autoprefixer: '^10.4.20',
32 silly package data     'balanced-match': '^1.0.2',
32 silly package data     'binary-extensions': '^2.3.0',
32 silly package data     'brace-expansion': '^2.0.1',
32 silly package data     braces: '^3.0.3',
32 silly package data     browserslist: '^4.24.3',
32 silly package data     'camelcase-css': '^2.0.1',
32 silly package data     'caniuse-lite': '^1.0.30001690',
32 silly package data     chokidar: '^3.6.0',
32 silly package data     'color-convert': '^2.0.1',
32 silly package data     'color-name': '^1.1.4',
32 silly package data     commander: '^4.1.1',
32 silly package data     'cross-spawn': '^7.0.6',
32 silly package data     cssesc: '^3.0.0',
32 silly package data     didyoumean: '^1.2.2',
32 silly package data     dlv: '^1.1.3',
32 silly package data     eastasianwidth: '^0.2.0',
32 silly package data     'electron-to-chromium': '^1.5.79',
32 silly package data     'emoji-regex': '^9.2.2',
32 silly package data     escalade: '^3.2.0',
32 silly package data     'fast-glob': '^3.3.3',
32 silly package data     fastq: '^1.18.0',
32 silly package data     'fill-range': '^7.1.1',
32 silly package data     'foreground-child': '^3.3.0',
32 silly package data     'fraction.js': '^4.3.7',
32 silly package data     'function-bind': '^1.1.2',
32 silly package data     glob: '^10.4.5',
32 silly package data     'glob-parent': '^6.0.2',
32 silly package data     hasown: '^2.0.2',
32 silly package data     'is-binary-path': '^2.1.0',
32 silly package data     'is-core-module': '^2.16.1',
32 silly package data     'is-extglob': '^2.1.1',
32 silly package data     'is-fullwidth-code-point': '^3.0.0',
32 silly package data     'is-glob': '^4.0.3',
32 silly package data     'is-number': '^7.0.0',
32 silly package data     isexe: '^2.0.0',
32 silly package data     jackspeak: '^3.4.3',
32 silly package data     jiti: '^1.21.7',
32 silly package data     lilconfig: '^3.1.3',
32 silly package data     'lines-and-columns': '^1.2.4',
32 silly package data     'lru-cache': '^10.4.3',
32 silly package data     merge2: '^1.4.1',
32 silly package data     micromatch: '^4.0.8',
32 silly package data     minimatch: '^9.0.5',
32 silly package data     minipass: '^7.1.2',
32 silly package data     mz: '^2.7.0',
32 silly package data     nanoid: '^3.3.8',
32 silly package data     'node-releases': '^2.0.19',
32 silly package data     'normalize-path': '^3.0.0',
32 silly package data     'normalize-range': '^0.1.2',
32 silly package data     'object-assign': '^4.1.1',
32 silly package data     'object-hash': '^3.0.0',
32 silly package data     'package-json-from-dist': '^1.0.1',
32 silly package data     'path-key': '^3.1.1',
32 silly package data     'path-parse': '^1.0.7',
32 silly package data     'path-scurry': '^1.11.1',
32 silly package data     picocolors: '^1.1.1',
32 silly package data     picomatch: '^2.3.1',
32 silly package data     pify: '^2.3.0',
32 silly package data     pirates: '^4.0.6',
32 silly package data     postcss: '^8.4.49',
32 silly package data     'postcss-import': '^15.1.0',
32 silly package data     'postcss-js': '^4.0.1',
32 silly package data     'postcss-load-config': '^4.0.2',
32 silly package data     'postcss-nested': '^6.2.0',
32 silly package data     'postcss-selector-parser': '^6.1.2',
32 silly package data     'postcss-value-parser': '^4.2.0',
32 silly package data     'queue-microtask': '^1.2.3',
32 silly package data     'read-cache': '^1.0.0',
32 silly package data     readdirp: '^3.6.0',
32 silly package data     resolve: '^1.22.10',
32 silly package data     reusify: '^1.0.4',
32 silly package data     'run-parallel': '^1.2.0',
32 silly package data     'shebang-command': '^2.0.0',
32 silly package data     'shebang-regex': '^3.0.0',
32 silly package data     'signal-exit': '^4.1.0',
32 silly package data     'source-map-js': '^1.2.1',
32 silly package data     'string-width': '^5.1.2',
32 silly package data     'string-width-cjs': '^4.2.3',
32 silly package data     'strip-ansi': '^7.1.0',
32 silly package data     'strip-ansi-cjs': '^6.0.1',
32 silly package data     sucrase: '^3.35.0',
32 silly package data     'supports-preserve-symlinks-flag': '^1.0.0',
32 silly package data     tailwindcss: '^3.4.17',
32 silly package data     thenify: '^3.3.1',
32 silly package data     'thenify-all': '^1.6.0',
32 silly package data     'to-regex-range': '^5.0.1',
32 silly package data     'ts-interface-checker': '^0.1.13',
32 silly package data     'update-browserslist-db': '^1.1.1',
32 silly package data     'util-deprecate': '^1.0.2',
32 silly package data     which: '^2.0.2',
32 silly package data     'wrap-ansi': '^8.1.0',
32 silly package data     'wrap-ansi-cjs': '^7.0.0',
32 silly package data     yaml: '^2.7.0'
32 silly package data   },
32 silly package data   devDependencies: {},
32 silly package data   scripts: { test: 'echo "Error: no test specified" && exit 1' },
32 silly package data   keywords: [],
32 silly package data   author: '',
32 silly package data   license: 'ISC'
32 silly package data }
33 timing command:init Completed in 154ms
34 verbose exit 0
35 timing npm Completed in 893ms
36 info ok
