0 verbose cli C:\Program Files\nodejs\node.exe C:\Program Files\nodejs\node_modules\npm\bin\npm-cli.js
1 info using npm@10.2.4
2 info using node@v20.11.0
3 timing npm:load:whichnode Completed in 3ms
4 timing config:load:defaults Completed in 5ms
5 timing config:load:file:C:\Program Files\nodejs\node_modules\npm\npmrc Completed in 8ms
6 timing config:load:builtin Completed in 8ms
7 timing config:load:cli Completed in 2ms
8 timing config:load:env Completed in 1ms
9 timing config:load:file:C:\Users\Toshiba\WakaShop\.npmrc Completed in 0ms
10 timing config:load:project Completed in 2ms
11 timing config:load:file:C:\Users\Toshiba\.npmrc Completed in 1ms
12 timing config:load:user Completed in 2ms
13 timing config:load:file:C:\Users\Toshiba\AppData\Roaming\npm\etc\npmrc Completed in 1ms
14 timing config:load:global Completed in 1ms
15 timing config:load:setEnvs Completed in 2ms
16 timing config:load Completed in 24ms
17 timing npm:load:configload Completed in 24ms
18 timing config:load:flatten Completed in 3ms
19 timing npm:load:mkdirpcache Completed in 0ms
20 timing npm:load:mkdirplogs Completed in 1ms
21 verbose title npm run seed
22 verbose argv "run" "seed"
23 timing npm:load:setTitle Completed in 2ms
24 timing npm:load:display Completed in 1ms
25 verbose logfile logs-max:10 dir:C:\Users\Toshiba\WakaShop\UsersToshibaAppDataLocalnpm-cache\_logs\2025-01-08T17_12_29_540Z-
26 verbose logfile C:\Users\Toshiba\WakaShop\UsersToshibaAppDataLocalnpm-cache\_logs\2025-01-08T17_12_29_540Z-debug-0.log
27 timing npm:load:logFile Completed in 15ms
28 timing npm:load:timers Completed in 0ms
29 timing npm:load:configScope Completed in 0ms
30 timing npm:load Completed in 83ms
31 timing command:run Completed in 5ms
32 verbose stack Error: Could not read package.json: Error: ENOENT: no such file or directory, open 'C:\Users\Toshiba\WakaShop\package.json'
33 verbose cwd C:\Users\Toshiba\WakaShop
34 verbose Windows_NT 10.0.19045
35 verbose node v20.11.0
36 verbose npm  v10.2.4
37 error code ENOENT
38 error syscall open
39 error path C:\Users\Toshiba\WakaShop\package.json
40 error errno -4058
41 error enoent Could not read package.json: Error: ENOENT: no such file or directory, open 'C:\Users\Toshiba\WakaShop\package.json'
42 error enoent This is related to npm not being able to find a file.
42 error enoent
43 verbose exit -4058
44 timing npm Completed in 200ms
45 verbose code -4058
46 error A complete log of this run can be found in: C:\Users\Toshiba\WakaShop\UsersToshibaAppDataLocalnpm-cache\_logs\2025-01-08T17_12_29_540Z-debug-0.log
