0 verbose cli C:\Program Files\nodejs\node.exe C:\Program Files\nodejs\node_modules\npm\bin\npm-cli.js
1 info using npm@10.2.4
2 info using node@v20.11.0
3 timing npm:load:whichnode Completed in 3ms
4 timing config:load:defaults Completed in 5ms
5 timing config:load:file:C:\Program Files\nodejs\node_modules\npm\npmrc Completed in 8ms
6 timing config:load:builtin Completed in 8ms
7 timing config:load:cli Completed in 2ms
8 timing config:load:env Completed in 1ms
9 timing config:load:file:C:\Users\Toshiba\WakaShop\backend\.npmrc Completed in 0ms
10 timing config:load:project Completed in 5ms
11 timing config:load:file:C:\Users\Toshiba\.npmrc Completed in 2ms
12 timing config:load:user Completed in 2ms
13 timing config:load:file:C:\Users\Toshiba\AppData\Roaming\npm\etc\npmrc Completed in 1ms
14 timing config:load:global Completed in 1ms
15 timing config:load:setEnvs Completed in 1ms
16 timing config:load Completed in 25ms
17 timing npm:load:configload Completed in 25ms
18 timing config:load:flatten Completed in 3ms
19 timing npm:load:mkdirpcache Completed in 1ms
20 timing npm:load:mkdirplogs Completed in 1ms
21 verbose title npm install
22 verbose argv "install"
23 timing npm:load:setTitle Completed in 1ms
24 timing npm:load:display Completed in 1ms
25 verbose logfile logs-max:10 dir:C:\Users\Toshiba\WakaShop\backend\UsersToshibaAppDataLocalnpm-cache\_logs\2025-01-08T17_14_04_772Z-
26 verbose logfile C:\Users\Toshiba\WakaShop\backend\UsersToshibaAppDataLocalnpm-cache\_logs\2025-01-08T17_14_04_772Z-debug-0.log
27 timing npm:load:logFile Completed in 13ms
28 timing npm:load:timers Completed in 0ms
29 timing npm:load:configScope Completed in 0ms
30 timing npm:load Completed in 81ms
31 timing arborist:ctor Completed in 1ms
32 silly logfile done cleaning log files
33 timing idealTree:init Completed in 123ms
34 timing idealTree:userRequests Completed in 1ms
35 silly idealTree buildDeps
36 timing idealTree:#root Completed in 0ms
37 timing idealTree:buildDeps Completed in 3ms
38 timing idealTree:fixDepFlags Completed in 0ms
39 timing idealTree Completed in 136ms
40 timing reify:loadTrees Completed in 142ms
41 timing reify:diffTrees Completed in 7ms
42 silly reify moves {}
43 timing reify:retireShallow Completed in 3ms
44 timing reify:createSparse Completed in 93ms
45 timing reify:loadBundles Completed in 0ms
46 silly audit bulk request {
46 silly audit   '@mongodb-js/saslprep': [ '1.1.1' ],
46 silly audit   '@types/node': [ '20.10.2' ],
46 silly audit   '@types/webidl-conversions': [ '7.0.3' ],
46 silly audit   '@types/whatwg-url': [ '8.2.2' ],
46 silly audit   abbrev: [ '1.1.1' ],
46 silly audit   accepts: [ '1.3.8' ],
46 silly audit   anymatch: [ '3.1.3' ],
46 silly audit   'array-flatten': [ '1.1.1' ],
46 silly audit   'balanced-match': [ '1.0.2' ],
46 silly audit   'basic-auth': [ '2.0.1' ],
46 silly audit   'safe-buffer': [ '5.1.2', '5.2.1' ],
46 silly audit   bcryptjs: [ '2.4.3' ],
46 silly audit   'binary-extensions': [ '2.2.0' ],
46 silly audit   'body-parser': [ '1.20.1' ],
46 silly audit   'brace-expansion': [ '1.1.11' ],
46 silly audit   braces: [ '3.0.2' ],
46 silly audit   bson: [ '6.2.0' ],
46 silly audit   'buffer-equal-constant-time': [ '1.0.1' ],
46 silly audit   bytes: [ '3.1.2' ],
46 silly audit   'call-bind': [ '1.0.5' ],
46 silly audit   chokidar: [ '3.5.3' ],
46 silly audit   'concat-map': [ '0.0.1' ],
46 silly audit   'content-disposition': [ '0.5.4' ],
46 silly audit   'content-type': [ '1.0.5' ],
46 silly audit   cookie: [ '0.4.1', '0.5.0' ],
46 silly audit   'cookie-parser': [ '1.4.6' ],
46 silly audit   'cookie-signature': [ '1.0.6' ],
46 silly audit   cors: [ '2.8.5' ],
46 silly audit   debug: [ '2.6.9', '4.3.4' ],
46 silly audit   'define-data-property': [ '1.1.1' ],
46 silly audit   depd: [ '2.0.0' ],
46 silly audit   destroy: [ '1.2.0' ],
46 silly audit   dotenv: [ '16.3.1' ],
46 silly audit   'ecdsa-sig-formatter': [ '1.0.11' ],
46 silly audit   'ee-first': [ '1.1.1' ],
46 silly audit   encodeurl: [ '1.0.2' ],
46 silly audit   'escape-html': [ '1.0.3' ],
46 silly audit   etag: [ '1.8.1' ],
46 silly audit   express: [ '4.18.2' ],
46 silly audit   'fill-range': [ '7.0.1' ],
46 silly audit   finalhandler: [ '1.2.0' ],
46 silly audit   forwarded: [ '0.2.0' ],
46 silly audit   fresh: [ '0.5.2' ],
46 silly audit   fsevents: [ '2.3.3' ],
46 silly audit   'function-bind': [ '1.1.2' ],
46 silly audit   'get-intrinsic': [ '1.2.2' ],
46 silly audit   'glob-parent': [ '5.1.2' ],
46 silly audit   gopd: [ '1.0.1' ],
46 silly audit   'has-flag': [ '3.0.0' ],
46 silly audit   'has-property-descriptors': [ '1.0.1' ],
46 silly audit   'has-proto': [ '1.0.1' ],
46 silly audit   'has-symbols': [ '1.0.3' ],
46 silly audit   hasown: [ '2.0.0' ],
46 silly audit   'http-errors': [ '2.0.0' ],
46 silly audit   'iconv-lite': [ '0.4.24' ],
46 silly audit   'ignore-by-default': [ '1.0.1' ],
46 silly audit   inherits: [ '2.0.4' ],
46 silly audit   'ipaddr.js': [ '1.9.1' ],
46 silly audit   'is-binary-path': [ '2.1.0' ],
46 silly audit   'is-extglob': [ '2.1.1' ],
46 silly audit   'is-glob': [ '4.0.3' ],
46 silly audit   'is-number': [ '7.0.0' ],
46 silly audit   jsonwebtoken: [ '9.0.2' ],
46 silly audit   ms: [ '2.1.3', '2.1.2', '2.0.0' ],
46 silly audit   jwa: [ '1.4.1' ],
46 silly audit   jws: [ '3.2.2' ],
46 silly audit   kareem: [ '2.5.1' ],
46 silly audit   'lodash.includes': [ '4.3.0' ],
46 silly audit   'lodash.isboolean': [ '3.0.3' ],
46 silly audit   'lodash.isinteger': [ '4.0.4' ],
46 silly audit   'lodash.isnumber': [ '3.0.3' ],
46 silly audit   'lodash.isplainobject': [ '4.0.6' ],
46 silly audit   'lodash.isstring': [ '4.0.1' ],
46 silly audit   'lodash.once': [ '4.1.1' ],
46 silly audit   'lru-cache': [ '6.0.0' ],
46 silly audit   'media-typer': [ '0.3.0' ],
46 silly audit   'memory-pager': [ '1.5.0' ],
46 silly audit   'merge-descriptors': [ '1.0.1' ],
46 silly audit   methods: [ '1.1.2' ],
46 silly audit   mime: [ '1.6.0' ],
46 silly audit   'mime-db': [ '1.52.0' ],
46 silly audit   'mime-types': [ '2.1.35' ],
46 silly audit   minimatch: [ '3.1.2' ],
46 silly audit   mongodb: [ '6.2.0' ],
46 silly audit   'mongodb-connection-string-url': [ '2.6.0' ],
46 silly audit   mongoose: [ '8.0.2' ],
46 silly audit   morgan: [ '1.10.0' ],
46 silly audit   'on-finished': [ '2.3.0', '2.4.1' ],
46 silly audit   mpath: [ '0.9.0' ],
46 silly audit   mquery: [ '5.0.0' ],
46 silly audit   negotiator: [ '0.6.3' ],
46 silly audit   nodemailer: [ '6.9.7' ],
46 silly audit   nodemon: [ '3.0.2' ],
46 silly audit   nopt: [ '1.0.10' ],
46 silly audit   'normalize-path': [ '3.0.0' ],
46 silly audit   'object-assign': [ '4.1.1' ],
46 silly audit   'object-inspect': [ '1.13.1' ],
46 silly audit   'on-headers': [ '1.0.2' ],
46 silly audit   parseurl: [ '1.3.3' ],
46 silly audit   'path-to-regexp': [ '0.1.7' ],
46 silly audit   picomatch: [ '2.3.1' ],
46 silly audit   'proxy-addr': [ '2.0.7' ],
46 silly audit   'pstree.remy': [ '1.1.8' ],
46 silly audit   punycode: [ '2.3.1' ],
46 silly audit   qs: [ '6.11.0' ],
46 silly audit   'range-parser': [ '1.2.1' ],
46 silly audit   'raw-body': [ '2.5.1' ],
46 silly audit   readdirp: [ '3.6.0' ],
46 silly audit   'safer-buffer': [ '2.1.2' ],
46 silly audit   semver: [ '7.5.4' ],
46 silly audit   send: [ '0.18.0' ],
46 silly audit   'serve-static': [ '1.15.0' ],
46 silly audit   'set-function-length': [ '1.1.1' ],
46 silly audit   setprototypeof: [ '1.2.0' ],
46 silly audit   'side-channel': [ '1.0.4' ],
46 silly audit   sift: [ '16.0.1' ],
46 silly audit   'simple-update-notifier': [ '2.0.0' ],
46 silly audit   'sparse-bitfield': [ '3.0.3' ],
46 silly audit   statuses: [ '2.0.1' ],
46 silly audit   'supports-color': [ '5.5.0' ],
46 silly audit   'to-regex-range': [ '5.0.1' ],
46 silly audit   toidentifier: [ '1.0.1' ],
46 silly audit   touch: [ '3.1.0' ],
46 silly audit   tr46: [ '3.0.0' ],
46 silly audit   'type-is': [ '1.6.18' ],
46 silly audit   undefsafe: [ '2.0.5' ],
46 silly audit   'undici-types': [ '5.26.5' ],
46 silly audit   unpipe: [ '1.0.0' ],
46 silly audit   'utils-merge': [ '1.0.1' ],
46 silly audit   vary: [ '1.1.2' ],
46 silly audit   'webidl-conversions': [ '7.0.0' ],
46 silly audit   'whatwg-url': [ '11.0.0' ],
46 silly audit   yallist: [ '4.0.0' ]
46 silly audit }
47 verbose reify failed optional dependency C:\Users\Toshiba\WakaShop\backend\node_modules\fsevents
48 silly reify mark deleted [ 'C:\\Users\\Toshiba\\WakaShop\\backend\\node_modules\\fsevents' ]
49 timing reifyNode:node_modules/fsevents Completed in 71ms
50 silly tarball no local data for yallist@https://registry.npmjs.org/yallist/-/yallist-4.0.0.tgz. Extracting by manifest.
51 silly tarball no local data for vary@https://registry.npmjs.org/vary/-/vary-1.1.2.tgz. Extracting by manifest.
52 silly tarball no local data for whatwg-url@https://registry.npmjs.org/whatwg-url/-/whatwg-url-11.0.0.tgz. Extracting by manifest.
53 silly tarball no local data for unpipe@https://registry.npmjs.org/unpipe/-/unpipe-1.0.0.tgz. Extracting by manifest.
54 silly tarball no local data for utils-merge@https://registry.npmjs.org/utils-merge/-/utils-merge-1.0.1.tgz. Extracting by manifest.
55 silly tarball no local data for undici-types@https://registry.npmjs.org/undici-types/-/undici-types-5.26.5.tgz. Extracting by manifest.
56 silly tarball no local data for undefsafe@https://registry.npmjs.org/undefsafe/-/undefsafe-2.0.5.tgz. Extracting by manifest.
57 silly tarball no local data for type-is@https://registry.npmjs.org/type-is/-/type-is-1.6.18.tgz. Extracting by manifest.
58 silly tarball no local data for tr46@https://registry.npmjs.org/tr46/-/tr46-3.0.0.tgz. Extracting by manifest.
59 silly tarball no local data for touch@https://registry.npmjs.org/touch/-/touch-3.1.0.tgz. Extracting by manifest.
60 silly tarball no local data for toidentifier@https://registry.npmjs.org/toidentifier/-/toidentifier-1.0.1.tgz. Extracting by manifest.
61 silly tarball no local data for to-regex-range@https://registry.npmjs.org/to-regex-range/-/to-regex-range-5.0.1.tgz. Extracting by manifest.
62 silly tarball no local data for supports-color@https://registry.npmjs.org/supports-color/-/supports-color-5.5.0.tgz. Extracting by manifest.
63 silly tarball no local data for statuses@https://registry.npmjs.org/statuses/-/statuses-2.0.1.tgz. Extracting by manifest.
64 silly tarball no local data for sparse-bitfield@https://registry.npmjs.org/sparse-bitfield/-/sparse-bitfield-3.0.3.tgz. Extracting by manifest.
65 silly tarball no local data for simple-update-notifier@https://registry.npmjs.org/simple-update-notifier/-/simple-update-notifier-2.0.0.tgz. Extracting by manifest.
66 silly tarball no local data for side-channel@https://registry.npmjs.org/side-channel/-/side-channel-1.0.4.tgz. Extracting by manifest.
67 silly tarball no local data for sift@https://registry.npmjs.org/sift/-/sift-16.0.1.tgz. Extracting by manifest.
68 silly tarball no local data for setprototypeof@https://registry.npmjs.org/setprototypeof/-/setprototypeof-1.2.0.tgz. Extracting by manifest.
69 silly tarball no local data for set-function-length@https://registry.npmjs.org/set-function-length/-/set-function-length-1.1.1.tgz. Extracting by manifest.
70 silly tarball no local data for serve-static@https://registry.npmjs.org/serve-static/-/serve-static-1.15.0.tgz. Extracting by manifest.
71 silly tarball no local data for send@https://registry.npmjs.org/send/-/send-0.18.0.tgz. Extracting by manifest.
72 silly tarball no local data for semver@https://registry.npmjs.org/semver/-/semver-7.5.4.tgz. Extracting by manifest.
73 silly tarball no local data for safer-buffer@https://registry.npmjs.org/safer-buffer/-/safer-buffer-2.1.2.tgz. Extracting by manifest.
74 silly tarball no local data for safe-buffer@https://registry.npmjs.org/safe-buffer/-/safe-buffer-5.2.1.tgz. Extracting by manifest.
75 silly tarball no local data for readdirp@https://registry.npmjs.org/readdirp/-/readdirp-3.6.0.tgz. Extracting by manifest.
76 silly tarball no local data for raw-body@https://registry.npmjs.org/raw-body/-/raw-body-2.5.1.tgz. Extracting by manifest.
77 silly tarball no local data for range-parser@https://registry.npmjs.org/range-parser/-/range-parser-1.2.1.tgz. Extracting by manifest.
78 silly tarball no local data for qs@https://registry.npmjs.org/qs/-/qs-6.11.0.tgz. Extracting by manifest.
79 silly tarball no local data for punycode@https://registry.npmjs.org/punycode/-/punycode-2.3.1.tgz. Extracting by manifest.
80 silly tarball no local data for pstree.remy@https://registry.npmjs.org/pstree.remy/-/pstree.remy-1.1.8.tgz. Extracting by manifest.
81 silly tarball no local data for proxy-addr@https://registry.npmjs.org/proxy-addr/-/proxy-addr-2.0.7.tgz. Extracting by manifest.
82 silly tarball no local data for picomatch@https://registry.npmjs.org/picomatch/-/picomatch-2.3.1.tgz. Extracting by manifest.
83 silly tarball no local data for path-to-regexp@https://registry.npmjs.org/path-to-regexp/-/path-to-regexp-0.1.7.tgz. Extracting by manifest.
84 silly tarball no local data for parseurl@https://registry.npmjs.org/parseurl/-/parseurl-1.3.3.tgz. Extracting by manifest.
85 silly tarball no local data for on-headers@https://registry.npmjs.org/on-headers/-/on-headers-1.0.2.tgz. Extracting by manifest.
86 silly tarball no local data for webidl-conversions@https://registry.npmjs.org/webidl-conversions/-/webidl-conversions-7.0.0.tgz. Extracting by manifest.
87 silly tarball no local data for on-finished@https://registry.npmjs.org/on-finished/-/on-finished-2.4.1.tgz. Extracting by manifest.
88 silly tarball no local data for object-assign@https://registry.npmjs.org/object-assign/-/object-assign-4.1.1.tgz. Extracting by manifest.
89 silly tarball no local data for object-inspect@https://registry.npmjs.org/object-inspect/-/object-inspect-1.13.1.tgz. Extracting by manifest.
90 silly tarball no local data for nopt@https://registry.npmjs.org/nopt/-/nopt-1.0.10.tgz. Extracting by manifest.
91 silly tarball no local data for nodemon@https://registry.npmjs.org/nodemon/-/nodemon-3.0.2.tgz. Extracting by manifest.
92 silly tarball no local data for negotiator@https://registry.npmjs.org/negotiator/-/negotiator-0.6.3.tgz. Extracting by manifest.
93 silly tarball no local data for nodemailer@https://registry.npmjs.org/nodemailer/-/nodemailer-6.9.7.tgz. Extracting by manifest.
94 silly tarball no local data for ms@https://registry.npmjs.org/ms/-/ms-2.0.0.tgz. Extracting by manifest.
95 silly tarball no local data for mquery@https://registry.npmjs.org/mquery/-/mquery-5.0.0.tgz. Extracting by manifest.
96 silly tarball no local data for mpath@https://registry.npmjs.org/mpath/-/mpath-0.9.0.tgz. Extracting by manifest.
97 silly tarball no local data for morgan@https://registry.npmjs.org/morgan/-/morgan-1.10.0.tgz. Extracting by manifest.
98 silly tarball no local data for mongoose@https://registry.npmjs.org/mongoose/-/mongoose-8.0.2.tgz. Extracting by manifest.
99 silly tarball no local data for mongodb-connection-string-url@https://registry.npmjs.org/mongodb-connection-string-url/-/mongodb-connection-string-url-2.6.0.tgz. Extracting by manifest.
100 silly tarball no local data for mongodb@https://registry.npmjs.org/mongodb/-/mongodb-6.2.0.tgz. Extracting by manifest.
101 silly tarball no local data for minimatch@https://registry.npmjs.org/minimatch/-/minimatch-3.1.2.tgz. Extracting by manifest.
102 silly tarball no local data for mime-types@https://registry.npmjs.org/mime-types/-/mime-types-2.1.35.tgz. Extracting by manifest.
103 silly tarball no local data for mime-db@https://registry.npmjs.org/mime-db/-/mime-db-1.52.0.tgz. Extracting by manifest.
104 silly tarball no local data for mime@https://registry.npmjs.org/mime/-/mime-1.6.0.tgz. Extracting by manifest.
105 silly tarball no local data for methods@https://registry.npmjs.org/methods/-/methods-1.1.2.tgz. Extracting by manifest.
106 silly tarball no local data for merge-descriptors@https://registry.npmjs.org/merge-descriptors/-/merge-descriptors-1.0.1.tgz. Extracting by manifest.
107 silly tarball no local data for memory-pager@https://registry.npmjs.org/memory-pager/-/memory-pager-1.5.0.tgz. Extracting by manifest.
108 silly tarball no local data for media-typer@https://registry.npmjs.org/media-typer/-/media-typer-0.3.0.tgz. Extracting by manifest.
109 silly tarball no local data for lru-cache@https://registry.npmjs.org/lru-cache/-/lru-cache-6.0.0.tgz. Extracting by manifest.
110 silly tarball no local data for lodash.isstring@https://registry.npmjs.org/lodash.isstring/-/lodash.isstring-4.0.1.tgz. Extracting by manifest.
111 silly tarball no local data for lodash.once@https://registry.npmjs.org/lodash.once/-/lodash.once-4.1.1.tgz. Extracting by manifest.
112 silly tarball no local data for lodash.isplainobject@https://registry.npmjs.org/lodash.isplainobject/-/lodash.isplainobject-4.0.6.tgz. Extracting by manifest.
113 silly tarball no local data for lodash.isinteger@https://registry.npmjs.org/lodash.isinteger/-/lodash.isinteger-4.0.4.tgz. Extracting by manifest.
114 silly tarball no local data for lodash.isboolean@https://registry.npmjs.org/lodash.isboolean/-/lodash.isboolean-3.0.3.tgz. Extracting by manifest.
115 silly tarball no local data for lodash.includes@https://registry.npmjs.org/lodash.includes/-/lodash.includes-4.3.0.tgz. Extracting by manifest.
116 silly tarball no local data for kareem@https://registry.npmjs.org/kareem/-/kareem-2.5.1.tgz. Extracting by manifest.
117 silly tarball no local data for jws@https://registry.npmjs.org/jws/-/jws-3.2.2.tgz. Extracting by manifest.
118 silly tarball no local data for jsonwebtoken@https://registry.npmjs.org/jsonwebtoken/-/jsonwebtoken-9.0.2.tgz. Extracting by manifest.
119 silly tarball no local data for jwa@https://registry.npmjs.org/jwa/-/jwa-1.4.1.tgz. Extracting by manifest.
120 silly tarball no local data for lodash.isnumber@https://registry.npmjs.org/lodash.isnumber/-/lodash.isnumber-3.0.3.tgz. Extracting by manifest.
121 silly tarball no local data for is-glob@https://registry.npmjs.org/is-glob/-/is-glob-4.0.3.tgz. Extracting by manifest.
122 silly tarball no local data for is-extglob@https://registry.npmjs.org/is-extglob/-/is-extglob-2.1.1.tgz. Extracting by manifest.
123 silly tarball no local data for is-binary-path@https://registry.npmjs.org/is-binary-path/-/is-binary-path-2.1.0.tgz. Extracting by manifest.
124 silly tarball no local data for ipaddr.js@https://registry.npmjs.org/ipaddr.js/-/ipaddr.js-1.9.1.tgz. Extracting by manifest.
125 silly tarball no local data for inherits@https://registry.npmjs.org/inherits/-/inherits-2.0.4.tgz. Extracting by manifest.
126 silly tarball no local data for ignore-by-default@https://registry.npmjs.org/ignore-by-default/-/ignore-by-default-1.0.1.tgz. Extracting by manifest.
127 silly tarball no local data for iconv-lite@https://registry.npmjs.org/iconv-lite/-/iconv-lite-0.4.24.tgz. Extracting by manifest.
128 silly tarball no local data for http-errors@https://registry.npmjs.org/http-errors/-/http-errors-2.0.0.tgz. Extracting by manifest.
129 silly tarball no local data for hasown@https://registry.npmjs.org/hasown/-/hasown-2.0.0.tgz. Extracting by manifest.
130 silly tarball no local data for has-symbols@https://registry.npmjs.org/has-symbols/-/has-symbols-1.0.3.tgz. Extracting by manifest.
131 silly tarball no local data for has-proto@https://registry.npmjs.org/has-proto/-/has-proto-1.0.1.tgz. Extracting by manifest.
132 silly tarball no local data for has-property-descriptors@https://registry.npmjs.org/has-property-descriptors/-/has-property-descriptors-1.0.1.tgz. Extracting by manifest.
133 silly tarball no local data for has-flag@https://registry.npmjs.org/has-flag/-/has-flag-3.0.0.tgz. Extracting by manifest.
134 silly tarball no local data for gopd@https://registry.npmjs.org/gopd/-/gopd-1.0.1.tgz. Extracting by manifest.
135 silly tarball no local data for glob-parent@https://registry.npmjs.org/glob-parent/-/glob-parent-5.1.2.tgz. Extracting by manifest.
136 silly tarball no local data for get-intrinsic@https://registry.npmjs.org/get-intrinsic/-/get-intrinsic-1.2.2.tgz. Extracting by manifest.
137 silly tarball no local data for function-bind@https://registry.npmjs.org/function-bind/-/function-bind-1.1.2.tgz. Extracting by manifest.
138 silly tarball no local data for fresh@https://registry.npmjs.org/fresh/-/fresh-0.5.2.tgz. Extracting by manifest.
139 silly tarball no local data for forwarded@https://registry.npmjs.org/forwarded/-/forwarded-0.2.0.tgz. Extracting by manifest.
140 silly tarball no local data for finalhandler@https://registry.npmjs.org/finalhandler/-/finalhandler-1.2.0.tgz. Extracting by manifest.
141 silly tarball no local data for fill-range@https://registry.npmjs.org/fill-range/-/fill-range-7.0.1.tgz. Extracting by manifest.
142 silly tarball no local data for express@https://registry.npmjs.org/express/-/express-4.18.2.tgz. Extracting by manifest.
143 silly tarball no local data for etag@https://registry.npmjs.org/etag/-/etag-1.8.1.tgz. Extracting by manifest.
144 silly tarball no local data for escape-html@https://registry.npmjs.org/escape-html/-/escape-html-1.0.3.tgz. Extracting by manifest.
145 silly tarball no local data for encodeurl@https://registry.npmjs.org/encodeurl/-/encodeurl-1.0.2.tgz. Extracting by manifest.
146 silly tarball no local data for ee-first@https://registry.npmjs.org/ee-first/-/ee-first-1.1.1.tgz. Extracting by manifest.
147 silly tarball no local data for ecdsa-sig-formatter@https://registry.npmjs.org/ecdsa-sig-formatter/-/ecdsa-sig-formatter-1.0.11.tgz. Extracting by manifest.
148 silly tarball no local data for dotenv@https://registry.npmjs.org/dotenv/-/dotenv-16.3.1.tgz. Extracting by manifest.
149 silly tarball no local data for destroy@https://registry.npmjs.org/destroy/-/destroy-1.2.0.tgz. Extracting by manifest.
150 silly tarball no local data for depd@https://registry.npmjs.org/depd/-/depd-2.0.0.tgz. Extracting by manifest.
151 silly tarball no local data for define-data-property@https://registry.npmjs.org/define-data-property/-/define-data-property-1.1.1.tgz. Extracting by manifest.
152 silly tarball no local data for debug@https://registry.npmjs.org/debug/-/debug-2.6.9.tgz. Extracting by manifest.
153 silly tarball no local data for cors@https://registry.npmjs.org/cors/-/cors-2.8.5.tgz. Extracting by manifest.
154 silly tarball no local data for cookie-signature@https://registry.npmjs.org/cookie-signature/-/cookie-signature-1.0.6.tgz. Extracting by manifest.
155 silly tarball no local data for cookie-parser@https://registry.npmjs.org/cookie-parser/-/cookie-parser-1.4.6.tgz. Extracting by manifest.
156 silly tarball no local data for cookie@https://registry.npmjs.org/cookie/-/cookie-0.4.1.tgz. Extracting by manifest.
157 silly tarball no local data for content-disposition@https://registry.npmjs.org/content-disposition/-/content-disposition-0.5.4.tgz. Extracting by manifest.
158 silly tarball no local data for content-type@https://registry.npmjs.org/content-type/-/content-type-1.0.5.tgz. Extracting by manifest.
159 silly tarball no local data for concat-map@https://registry.npmjs.org/concat-map/-/concat-map-0.0.1.tgz. Extracting by manifest.
160 silly tarball no local data for chokidar@https://registry.npmjs.org/chokidar/-/chokidar-3.5.3.tgz. Extracting by manifest.
161 silly tarball no local data for call-bind@https://registry.npmjs.org/call-bind/-/call-bind-1.0.5.tgz. Extracting by manifest.
162 silly tarball no local data for bytes@https://registry.npmjs.org/bytes/-/bytes-3.1.2.tgz. Extracting by manifest.
163 silly tarball no local data for buffer-equal-constant-time@https://registry.npmjs.org/buffer-equal-constant-time/-/buffer-equal-constant-time-1.0.1.tgz. Extracting by manifest.
164 silly tarball no local data for bson@https://registry.npmjs.org/bson/-/bson-6.2.0.tgz. Extracting by manifest.
165 silly tarball no local data for braces@https://registry.npmjs.org/braces/-/braces-3.0.2.tgz. Extracting by manifest.
166 silly tarball no local data for brace-expansion@https://registry.npmjs.org/brace-expansion/-/brace-expansion-1.1.11.tgz. Extracting by manifest.
167 silly tarball no local data for body-parser@https://registry.npmjs.org/body-parser/-/body-parser-1.20.1.tgz. Extracting by manifest.
168 silly tarball no local data for binary-extensions@https://registry.npmjs.org/binary-extensions/-/binary-extensions-2.2.0.tgz. Extracting by manifest.
169 silly tarball no local data for bcryptjs@https://registry.npmjs.org/bcryptjs/-/bcryptjs-2.4.3.tgz. Extracting by manifest.
170 silly tarball no local data for basic-auth@https://registry.npmjs.org/basic-auth/-/basic-auth-2.0.1.tgz. Extracting by manifest.
171 silly tarball no local data for balanced-match@https://registry.npmjs.org/balanced-match/-/balanced-match-1.0.2.tgz. Extracting by manifest.
172 silly tarball no local data for array-flatten@https://registry.npmjs.org/array-flatten/-/array-flatten-1.1.1.tgz. Extracting by manifest.
173 silly tarball no local data for anymatch@https://registry.npmjs.org/anymatch/-/anymatch-3.1.3.tgz. Extracting by manifest.
174 silly tarball no local data for accepts@https://registry.npmjs.org/accepts/-/accepts-1.3.8.tgz. Extracting by manifest.
175 silly tarball no local data for abbrev@https://registry.npmjs.org/abbrev/-/abbrev-1.1.1.tgz. Extracting by manifest.
176 silly tarball no local data for @types/whatwg-url@https://registry.npmjs.org/@types/whatwg-url/-/whatwg-url-8.2.2.tgz. Extracting by manifest.
177 silly tarball no local data for @mongodb-js/saslprep@https://registry.npmjs.org/@mongodb-js/saslprep/-/saslprep-1.1.1.tgz. Extracting by manifest.
178 silly tarball no local data for @types/webidl-conversions@https://registry.npmjs.org/@types/webidl-conversions/-/webidl-conversions-7.0.3.tgz. Extracting by manifest.
179 silly tarball no local data for @types/node@https://registry.npmjs.org/@types/node/-/node-20.10.2.tgz. Extracting by manifest.
180 silly tarball no local data for ms@https://registry.npmjs.org/ms/-/ms-2.1.3.tgz. Extracting by manifest.
181 silly tarball no local data for ms@https://registry.npmjs.org/ms/-/ms-2.1.2.tgz. Extracting by manifest.
182 silly tarball no local data for ms@https://registry.npmjs.org/ms/-/ms-2.1.2.tgz. Extracting by manifest.
183 silly tarball no local data for debug@https://registry.npmjs.org/debug/-/debug-4.3.4.tgz. Extracting by manifest.
184 silly tarball no local data for debug@https://registry.npmjs.org/debug/-/debug-4.3.4.tgz. Extracting by manifest.
185 silly tarball no local data for ms@https://registry.npmjs.org/ms/-/ms-2.1.3.tgz. Extracting by manifest.
186 silly tarball no local data for ms@https://registry.npmjs.org/ms/-/ms-2.1.3.tgz. Extracting by manifest.
187 silly tarball no local data for on-finished@https://registry.npmjs.org/on-finished/-/on-finished-2.3.0.tgz. Extracting by manifest.
188 silly tarball no local data for cookie@https://registry.npmjs.org/cookie/-/cookie-0.5.0.tgz. Extracting by manifest.
189 silly tarball no local data for normalize-path@https://registry.npmjs.org/normalize-path/-/normalize-path-3.0.0.tgz. Extracting by manifest.
190 silly tarball no local data for is-number@https://registry.npmjs.org/is-number/-/is-number-7.0.0.tgz. Extracting by manifest.
191 silly tarball no local data for safe-buffer@https://registry.npmjs.org/safe-buffer/-/safe-buffer-5.1.2.tgz. Extracting by manifest.
192 http fetch POST 200 https://registry.npmjs.org/-/npm/v1/security/advisories/bulk 2062ms
193 timing auditReport:getReport Completed in 2072ms
194 silly audit report {
194 silly audit report   'body-parser': [
194 silly audit report     {
194 silly audit report       id: 1099520,
194 silly audit report       url: 'https://github.com/advisories/GHSA-qwcr-r2fm-qrc7',
194 silly audit report       title: 'body-parser vulnerable to denial of service when url encoding is enabled',
194 silly audit report       severity: 'high',
194 silly audit report       vulnerable_versions: '<1.20.3',
194 silly audit report       cwe: [Array],
194 silly audit report       cvss: [Object]
194 silly audit report     }
194 silly audit report   ],
194 silly audit report   braces: [
194 silly audit report     {
194 silly audit report       id: 1098094,
194 silly audit report       url: 'https://github.com/advisories/GHSA-grv7-fg5c-xmjg',
194 silly audit report       title: 'Uncontrolled resource consumption in braces',
194 silly audit report       severity: 'high',
194 silly audit report       vulnerable_versions: '<3.0.3',
194 silly audit report       cwe: [Array],
194 silly audit report       cvss: [Object]
194 silly audit report     }
194 silly audit report   ],
194 silly audit report   cookie: [
194 silly audit report     {
194 silly audit report       id: 1099846,
194 silly audit report       url: 'https://github.com/advisories/GHSA-pxg6-pf52-xh8x',
194 silly audit report       title: 'cookie accepts cookie name, path, and domain with out of bounds characters',
194 silly audit report       severity: 'low',
194 silly audit report       vulnerable_versions: '<0.7.0',
194 silly audit report       cwe: [Array],
194 silly audit report       cvss: [Object]
194 silly audit report     }
194 silly audit report   ],
194 silly audit report   express: [
194 silly audit report     {
194 silly audit report       id: 1100530,
194 silly audit report       url: 'https://github.com/advisories/GHSA-qw6h-vgh9-j6wx',
194 silly audit report       title: 'express vulnerable to XSS via response.redirect()',
194 silly audit report       severity: 'low',
194 silly audit report       vulnerable_versions: '<4.20.0',
194 silly audit report       cwe: [Array],
194 silly audit report       cvss: [Object]
194 silly audit report     },
194 silly audit report     {
194 silly audit report       id: 1096820,
194 silly audit report       url: 'https://github.com/advisories/GHSA-rv95-896h-c2vc',
194 silly audit report       title: 'Express.js Open Redirect in malformed URLs',
194 silly audit report       severity: 'moderate',
194 silly audit report       vulnerable_versions: '<4.19.2',
194 silly audit report       cwe: [Array],
194 silly audit report       cvss: [Object]
194 silly audit report     }
194 silly audit report   ],
194 silly audit report   mongoose: [
194 silly audit report     {
194 silly audit report       id: 1101063,
194 silly audit report       url: 'https://github.com/advisories/GHSA-m7xq-9374-9rvx',
194 silly audit report       title: 'Mongoose search injection vulnerability',
194 silly audit report       severity: 'high',
194 silly audit report       vulnerable_versions: '>=8.0.0-rc0 <8.8.3',
194 silly audit report       cwe: [Array],
194 silly audit report       cvss: [Object]
194 silly audit report     }
194 silly audit report   ],
194 silly audit report   nodemailer: [
194 silly audit report     {
194 silly audit report       id: 1096366,
194 silly audit report       url: 'https://github.com/advisories/GHSA-9h6g-pr28-7cqp',
194 silly audit report       title: 'nodemailer ReDoS when trying to send a specially crafted email',
194 silly audit report       severity: 'moderate',
194 silly audit report       vulnerable_versions: '<=6.9.8',
194 silly audit report       cwe: [Array],
194 silly audit report       cvss: [Object]
194 silly audit report     }
194 silly audit report   ],
194 silly audit report   'path-to-regexp': [
194 silly audit report     {
194 silly audit report       id: 1101081,
194 silly audit report       url: 'https://github.com/advisories/GHSA-rhx6-c78j-4q9w',
194 silly audit report       title: 'Unpatched `path-to-regexp` ReDoS in 0.1.x',
194 silly audit report       severity: 'moderate',
194 silly audit report       vulnerable_versions: '<0.1.12',
194 silly audit report       cwe: [Array],
194 silly audit report       cvss: [Object]
194 silly audit report     },
194 silly audit report     {
194 silly audit report       id: 1099562,
194 silly audit report       url: 'https://github.com/advisories/GHSA-9wv6-86v2-598j',
194 silly audit report       title: 'path-to-regexp outputs backtracking regular expressions',
194 silly audit report       severity: 'high',
194 silly audit report       vulnerable_versions: '<0.1.10',
194 silly audit report       cwe: [Array],
194 silly audit report       cvss: [Object]
194 silly audit report     }
194 silly audit report   ],
194 silly audit report   send: [
194 silly audit report     {
194 silly audit report       id: 1100526,
194 silly audit report       url: 'https://github.com/advisories/GHSA-m6fv-jmcg-4jfg',
194 silly audit report       title: 'send vulnerable to template injection that can lead to XSS',
194 silly audit report       severity: 'low',
194 silly audit report       vulnerable_versions: '<0.19.0',
194 silly audit report       cwe: [Array],
194 silly audit report       cvss: [Object]
194 silly audit report     }
194 silly audit report   ],
194 silly audit report   'serve-static': [
194 silly audit report     {
194 silly audit report       id: 1100528,
194 silly audit report       url: 'https://github.com/advisories/GHSA-cm22-4g7w-348p',
194 silly audit report       title: 'serve-static vulnerable to template injection that can lead to XSS',
194 silly audit report       severity: 'low',
194 silly audit report       vulnerable_versions: '<1.16.0',
194 silly audit report       cwe: [Array],
194 silly audit report       cvss: [Object]
194 silly audit report     }
194 silly audit report   ]
194 silly audit report }
195 timing metavuln:cache:get:security-advisory:body-parser:uoEU0GS6gk35ZdcQ5nagZYzZcDz5Th0PEvPIVa8rzwbO20pRdxYbAhpIm6Wc5MALXoWb1C4X8WqCtH02U0Wo1A== Completed in 405ms
196 timing metavuln:cache:get:security-advisory:braces:JiXBFkEDkUnBQLw3PO6emUmmm2JXqgEbh+FhB3SNDS8k6Z0wM20irrfaOjjxYuMxZaKaDudvR037mtEoeqZzXw== Completed in 402ms
197 timing metavuln:cache:get:security-advisory:cookie:fiAgy8LdsBPaQEbo7M3TC0K1AVc7Dl69m8P2pmr6RTs1eBYnkyvV6lHHCRB0mAKtL1TSQPXxJVEHOqp48Uvhag== Completed in 401ms
198 timing metavuln:cache:get:security-advisory:express:Y6ACp2DmYM+0HQ/I8CvEhLQJwNp8DOoQ76C8ObH06Y0qG40PIuVRmOi3OWzwUOTASTLCIWqeicWSO/acR3aaGQ== Completed in 400ms
199 timing metavuln:cache:get:security-advisory:express:lBXrUDHGQ8w6TsFbfO+dIpiL3mSEKXOF2OuvW+b7kHxIhUYJTgPXfCu70PLwR+5DiyOmPyeCmimiWIYaeIPBdw== Completed in 399ms
200 timing metavuln:cache:get:security-advisory:mongoose:WWqvHXEeQpV3FnQE4A8P64U7tmkoMxM33ZQPPogWXc7U4k8oxrfMY3yfqOPMsV0DgU0OUYN4g48eq9GeinAduA== Completed in 399ms
201 timing metavuln:cache:get:security-advisory:nodemailer:3R+ZDqUGtmAOHqBo/GIHSnj4kIeziADiogmRK+KltHCL6n29j1eqw6rCDEkkFQXitiGnRa0hjWC7vLYgsIvPgg== Completed in 398ms
202 timing metavuln:cache:get:security-advisory:path-to-regexp:2qdoAnGH3xB469g+aonHSVZDVP7zVBN7zKSrZom+Yx5jyXRqD98gvs0JcbJIcczqsPq3aVnw6g4EVzEWP24sQA== Completed in 398ms
203 timing metavuln:cache:get:security-advisory:path-to-regexp:MGO+1pdJTigPi3TXGZyVn35t2czXVkYs+fgMO7RE91yslgH9FQoQuUVMgE+5KM1TF4oevhUauG5tddQcIK8Fzg== Completed in 394ms
204 timing metavuln:cache:get:security-advisory:send:OO84Jm+bi6L8ol/TxvTv+544ykBtTelmjwigseeY2D0sCzg0KsHTtaRRJob9h32hC3fi9i3JSBR51oHF0vvyRQ== Completed in 394ms
205 timing metavuln:cache:get:security-advisory:serve-static:VyBBWzRCPk4QPwU71mkZJ+QZdwW0bnbx/lUJDdvhij3t67jGrB4z2A5Ryyta1VjZgpmZ9kuyannc46B7jSSuiQ== Completed in 392ms
206 http fetch GET 200 https://registry.npmjs.org/fresh/-/fresh-0.5.2.tgz 4666ms (cache miss)
207 http fetch GET 200 https://registry.npmjs.org/yallist/-/yallist-4.0.0.tgz 4932ms (cache miss)
208 http fetch GET 200 https://registry.npmjs.org/on-finished/-/on-finished-2.3.0.tgz 4683ms (cache miss)
209 http fetch GET 200 https://registry.npmjs.org/normalize-path/-/normalize-path-3.0.0.tgz 4683ms (cache miss)
210 timing reifyNode:node_modules/normalize-path Completed in 5098ms
211 http fetch GET 200 https://registry.npmjs.org/parseurl/-/parseurl-1.3.3.tgz 4883ms (cache miss)
212 http fetch GET 200 https://registry.npmjs.org/merge-descriptors/-/merge-descriptors-1.0.1.tgz 4844ms (cache miss)
213 http fetch GET 200 https://registry.npmjs.org/lodash.isstring/-/lodash.isstring-4.0.1.tgz 4838ms (cache miss)
214 timing reifyNode:node_modules/lodash.isstring Completed in 5103ms
215 http fetch GET 200 https://registry.npmjs.org/methods/-/methods-1.1.2.tgz 4848ms (cache miss)
216 http fetch GET 200 https://registry.npmjs.org/is-extglob/-/is-extglob-2.1.1.tgz 4811ms (cache miss)
217 timing reifyNode:node_modules/is-extglob Completed in 5105ms
218 timing reifyNode:node_modules/merge-descriptors Completed in 5111ms
219 http fetch GET 200 https://registry.npmjs.org/forwarded/-/forwarded-0.2.0.tgz 4775ms (cache miss)
220 http fetch GET 200 https://registry.npmjs.org/encodeurl/-/encodeurl-1.0.2.tgz 4771ms (cache miss)
221 timing reifyNode:node_modules/encodeurl Completed in 5112ms
222 timing reifyNode:node_modules/parseurl Completed in 5131ms
223 http fetch GET 200 https://registry.npmjs.org/utils-merge/-/utils-merge-1.0.1.tgz 4966ms (cache miss)
224 http fetch GET 200 https://registry.npmjs.org/@types/webidl-conversions/-/webidl-conversions-7.0.3.tgz 4733ms (cache miss)
225 timing reifyNode:node_modules/@types/webidl-conversions Completed in 5129ms
226 http fetch GET 200 https://registry.npmjs.org/destroy/-/destroy-1.2.0.tgz 4791ms (cache miss)
227 timing reifyNode:node_modules/destroy Completed in 5137ms
228 http fetch GET 200 https://registry.npmjs.org/lodash.isnumber/-/lodash.isnumber-3.0.3.tgz 4851ms (cache miss)
229 timing reifyNode:node_modules/lodash.isnumber Completed in 5142ms
230 http fetch GET 200 https://registry.npmjs.org/array-flatten/-/array-flatten-1.1.1.tgz 4755ms (cache miss)
231 timing reifyNode:node_modules/array-flatten Completed in 5137ms
232 http fetch GET 200 https://registry.npmjs.org/escape-html/-/escape-html-1.0.3.tgz 4803ms (cache miss)
233 timing reifyNode:node_modules/escape-html Completed in 5143ms
234 timing reifyNode:node_modules/morgan/node_modules/on-finished Completed in 5149ms
235 timing reifyNode:node_modules/yallist Completed in 5158ms
236 http fetch GET 200 https://registry.npmjs.org/is-glob/-/is-glob-4.0.3.tgz 4858ms (cache miss)
237 timing reifyNode:node_modules/is-glob Completed in 5150ms
238 http fetch GET 200 https://registry.npmjs.org/jwa/-/jwa-1.4.1.tgz 4863ms (cache miss)
239 timing reifyNode:node_modules/jwa Completed in 5152ms
240 http fetch GET 200 https://registry.npmjs.org/touch/-/touch-3.1.0.tgz 4983ms (cache miss)
241 timing reifyNode:node_modules/methods Completed in 5155ms
242 http fetch GET 200 https://registry.npmjs.org/glob-parent/-/glob-parent-5.1.2.tgz 4823ms (cache miss)
243 http fetch GET 200 https://registry.npmjs.org/cookie-parser/-/cookie-parser-1.4.6.tgz 4795ms (cache miss)
244 timing reifyNode:node_modules/forwarded Completed in 5154ms
245 http fetch GET 200 https://registry.npmjs.org/bytes/-/bytes-3.1.2.tgz 4790ms (cache miss)
246 http fetch GET 200 https://registry.npmjs.org/ee-first/-/ee-first-1.1.1.tgz 4818ms (cache miss)
247 timing reifyNode:node_modules/ee-first Completed in 5160ms
248 http fetch GET 200 https://registry.npmjs.org/ms/-/ms-2.1.3.tgz 4767ms (cache miss)
249 timing reifyNode:node_modules/send/node_modules/ms Completed in 5172ms
250 http fetch GET 200 https://registry.npmjs.org/basic-auth/-/basic-auth-2.0.1.tgz 4794ms (cache miss)
251 http fetch GET 200 https://registry.npmjs.org/abbrev/-/abbrev-1.1.1.tgz 4780ms (cache miss)
252 timing reifyNode:node_modules/abbrev Completed in 5167ms
253 http fetch GET 200 https://registry.npmjs.org/balanced-match/-/balanced-match-1.0.2.tgz 4794ms (cache miss)
254 timing reifyNode:node_modules/utils-merge Completed in 5183ms
255 http fetch GET 200 https://registry.npmjs.org/unpipe/-/unpipe-1.0.0.tgz 5018ms (cache miss)
256 timing reifyNode:node_modules/fresh Completed in 5181ms
257 http fetch GET 200 https://registry.npmjs.org/is-binary-path/-/is-binary-path-2.1.0.tgz 4893ms (cache miss)
258 timing reifyNode:node_modules/is-binary-path Completed in 5189ms
259 http fetch GET 200 https://registry.npmjs.org/media-typer/-/media-typer-0.3.0.tgz 4932ms (cache miss)
260 timing reifyNode:node_modules/media-typer Completed in 5193ms
261 http fetch GET 200 https://registry.npmjs.org/supports-color/-/supports-color-5.5.0.tgz 5025ms (cache miss)
262 timing reifyNode:node_modules/supports-color Completed in 5205ms
263 http fetch GET 200 https://registry.npmjs.org/lodash.isboolean/-/lodash.isboolean-3.0.3.tgz 4926ms (cache miss)
264 timing reifyNode:node_modules/lodash.isboolean Completed in 5207ms
265 http fetch GET 200 https://registry.npmjs.org/path-to-regexp/-/path-to-regexp-0.1.7.tgz 4995ms (cache miss)
266 timing reifyNode:node_modules/path-to-regexp Completed in 5211ms
267 http fetch GET 200 https://registry.npmjs.org/inherits/-/inherits-2.0.4.tgz 4910ms (cache miss)
268 timing reifyNode:node_modules/inherits Completed in 5211ms
269 timing reifyNode:node_modules/glob-parent Completed in 5211ms
270 http fetch GET 200 https://registry.npmjs.org/has-flag/-/has-flag-3.0.0.tgz 4895ms (cache miss)
271 timing reifyNode:node_modules/has-flag Completed in 5212ms
272 timing reifyNode:node_modules/bytes Completed in 5209ms
273 http fetch GET 200 https://registry.npmjs.org/anymatch/-/anymatch-3.1.3.tgz 4831ms (cache miss)
274 timing reifyNode:node_modules/anymatch Completed in 5216ms
275 http fetch GET 200 https://registry.npmjs.org/brace-expansion/-/brace-expansion-1.1.11.tgz 4849ms (cache miss)
276 timing reifyNode:node_modules/brace-expansion Completed in 5217ms
277 timing reifyNode:node_modules/basic-auth Completed in 5220ms
278 http fetch GET 200 https://registry.npmjs.org/lodash.once/-/lodash.once-4.1.1.tgz 5016ms (cache miss)
279 timing reifyNode:node_modules/lodash.once Completed in 5284ms
280 http fetch GET 200 https://registry.npmjs.org/punycode/-/punycode-2.3.1.tgz 5093ms (cache miss)
281 timing reifyNode:node_modules/touch Completed in 5310ms
282 http fetch GET 200 https://registry.npmjs.org/ignore-by-default/-/ignore-by-default-1.0.1.tgz 5002ms (cache miss)
283 timing reifyNode:node_modules/ignore-by-default Completed in 5304ms
284 http fetch GET 200 https://registry.npmjs.org/toidentifier/-/toidentifier-1.0.1.tgz 5136ms (cache miss)
285 timing reifyNode:node_modules/toidentifier Completed in 5314ms
286 timing reifyNode:node_modules/cookie-parser Completed in 5303ms
287 http fetch GET 200 https://registry.npmjs.org/cookie-signature/-/cookie-signature-1.0.6.tgz 4950ms (cache miss)
288 timing reifyNode:node_modules/cookie-signature Completed in 5305ms
289 http fetch GET 200 https://registry.npmjs.org/content-type/-/content-type-1.0.5.tgz 4948ms (cache miss)
290 http fetch GET 200 https://registry.npmjs.org/ms/-/ms-2.1.2.tgz 4912ms (cache miss)
291 timing reifyNode:node_modules/mquery/node_modules/ms Completed in 5316ms
292 http fetch GET 200 https://registry.npmjs.org/ms/-/ms-2.1.3.tgz 4911ms (cache miss)
293 timing reifyNode:node_modules/jsonwebtoken/node_modules/ms Completed in 5317ms
294 http fetch GET 200 https://registry.npmjs.org/ms/-/ms-2.1.3.tgz 4914ms (cache miss)
295 timing reifyNode:node_modules/mongoose/node_modules/ms Completed in 5320ms
296 timing reifyNode:node_modules/balanced-match Completed in 5321ms
297 http fetch GET 200 https://registry.npmjs.org/vary/-/vary-1.1.2.tgz 5179ms (cache miss)
298 timing reifyNode:node_modules/unpipe Completed in 5350ms
299 timing reifyNode:node_modules/vary Completed in 5354ms
300 http fetch GET 200 https://registry.npmjs.org/memory-pager/-/memory-pager-1.5.0.tgz 5093ms (cache miss)
301 http fetch GET 200 https://registry.npmjs.org/lodash.isinteger/-/lodash.isinteger-4.0.4.tgz 5083ms (cache miss)
302 timing reifyNode:node_modules/lodash.isinteger Completed in 5353ms
303 timing reifyNode:node_modules/memory-pager Completed in 5353ms
304 http fetch GET 200 https://registry.npmjs.org/etag/-/etag-1.8.1.tgz 5012ms (cache miss)
305 timing reifyNode:node_modules/etag Completed in 5352ms
306 http fetch GET 200 https://registry.npmjs.org/lodash.isplainobject/-/lodash.isplainobject-4.0.6.tgz 5090ms (cache miss)
307 timing reifyNode:node_modules/lodash.isplainobject Completed in 5359ms
308 http fetch GET 200 https://registry.npmjs.org/buffer-equal-constant-time/-/buffer-equal-constant-time-1.0.1.tgz 4992ms (cache miss)
309 timing reifyNode:node_modules/content-type Completed in 5370ms
310 http fetch GET 200 https://registry.npmjs.org/ms/-/ms-2.1.2.tgz 4976ms (cache miss)
311 timing reifyNode:node_modules/nodemon/node_modules/ms Completed in 5381ms
312 http fetch GET 200 https://registry.npmjs.org/setprototypeof/-/setprototypeof-1.2.0.tgz 5195ms (cache miss)
313 http fetch GET 200 https://registry.npmjs.org/binary-extensions/-/binary-extensions-2.2.0.tgz 5054ms (cache miss)
314 timing reifyNode:node_modules/punycode Completed in 5448ms
315 http fetch GET 200 https://registry.npmjs.org/mime-types/-/mime-types-2.1.35.tgz 5280ms (cache miss)
316 timing reifyNode:node_modules/mime-types Completed in 5533ms
317 http fetch GET 200 https://registry.npmjs.org/lru-cache/-/lru-cache-6.0.0.tgz 5272ms (cache miss)
318 timing reifyNode:node_modules/lru-cache Completed in 5535ms
319 http fetch GET 200 https://registry.npmjs.org/cookie 3495ms (cache miss)
320 timing metavuln:packument:cookie Completed in 3497ms
321 timing metavuln:load:security-advisory:cookie:1099846 Completed in 16ms
322 http fetch GET 200 https://registry.npmjs.org/statuses/-/statuses-2.0.1.tgz 5402ms (cache miss)
323 timing reifyNode:node_modules/buffer-equal-constant-time Completed in 5576ms
324 http fetch GET 200 https://registry.npmjs.org/concat-map/-/concat-map-0.0.1.tgz 5225ms (cache miss)
325 timing reifyNode:node_modules/setprototypeof Completed in 5599ms
326 http fetch GET 200 https://registry.npmjs.org/sparse-bitfield/-/sparse-bitfield-3.0.3.tgz 5419ms (cache miss)
327 http fetch GET 200 https://registry.npmjs.org/type-is/-/type-is-1.6.18.tgz 5454ms (cache miss)
328 timing reifyNode:node_modules/type-is Completed in 5628ms
329 timing reifyNode:node_modules/binary-extensions Completed in 5639ms
330 http fetch GET 200 https://registry.npmjs.org/braces 3603ms (cache miss)
331 timing metavuln:packument:braces Completed in 3605ms
332 timing metavuln:load:security-advisory:braces:1098094 Completed in 3ms
333 http fetch GET 200 https://registry.npmjs.org/fill-range/-/fill-range-7.0.1.tgz 5320ms (cache miss)
334 timing reifyNode:node_modules/fill-range Completed in 5657ms
335 http fetch GET 200 https://registry.npmjs.org/content-disposition/-/content-disposition-0.5.4.tgz 5297ms (cache miss)
336 timing reifyNode:node_modules/content-disposition Completed in 5656ms
337 http fetch GET 200 https://registry.npmjs.org/finalhandler/-/finalhandler-1.2.0.tgz 5326ms (cache miss)
338 timing reifyNode:node_modules/finalhandler Completed in 5663ms
339 http fetch GET 200 https://registry.npmjs.org/ecdsa-sig-formatter/-/ecdsa-sig-formatter-1.0.11.tgz 5320ms (cache miss)
340 http fetch GET 200 https://registry.npmjs.org/lodash.includes/-/lodash.includes-4.3.0.tgz 5391ms (cache miss)
341 timing reifyNode:node_modules/lodash.includes Completed in 5672ms
342 http fetch GET 200 https://registry.npmjs.org/has-proto/-/has-proto-1.0.1.tgz 5363ms (cache miss)
343 timing reifyNode:node_modules/statuses Completed in 5684ms
344 timing reifyNode:node_modules/concat-map Completed in 5694ms
345 http fetch GET 200 https://registry.npmjs.org/proxy-addr/-/proxy-addr-2.0.7.tgz 5493ms (cache miss)
346 timing reifyNode:node_modules/proxy-addr Completed in 5706ms
347 timing reifyNode:node_modules/sparse-bitfield Completed in 5711ms
348 http fetch GET 200 https://registry.npmjs.org/cors/-/cors-2.8.5.tgz 5363ms (cache miss)
349 timing reifyNode:node_modules/cors Completed in 5716ms
350 http fetch GET 200 https://registry.npmjs.org/http-errors/-/http-errors-2.0.0.tgz 5413ms (cache miss)
351 timing reifyNode:node_modules/http-errors Completed in 5719ms
352 http fetch GET 200 https://registry.npmjs.org/to-regex-range/-/to-regex-range-5.0.1.tgz 5550ms (cache miss)
353 timing reifyNode:node_modules/to-regex-range Completed in 5729ms
354 http fetch GET 200 https://registry.npmjs.org/gopd/-/gopd-1.0.1.tgz 5454ms (cache miss)
355 http fetch GET 200 https://registry.npmjs.org/serve-static 3723ms (cache miss)
356 timing metavuln:packument:serve-static Completed in 3726ms
357 timing metavuln:load:security-advisory:serve-static:1100528 Completed in 5ms
358 timing reifyNode:node_modules/ecdsa-sig-formatter Completed in 5805ms
359 http fetch GET 200 https://registry.npmjs.org/accepts/-/accepts-1.3.8.tgz 5420ms (cache miss)
360 timing reifyNode:node_modules/accepts Completed in 5806ms
361 timing reifyNode:node_modules/has-proto Completed in 5839ms
362 http fetch GET 200 https://registry.npmjs.org/send 3784ms (cache miss)
363 timing metavuln:packument:send Completed in 3788ms
364 timing metavuln:load:security-advisory:send:1100526 Completed in 33ms
365 http fetch GET 200 https://registry.npmjs.org/kareem/-/kareem-2.5.1.tgz 5605ms (cache miss)
366 timing reifyNode:node_modules/kareem Completed in 5888ms
367 http fetch GET 200 https://registry.npmjs.org/body-parser 3894ms (cache miss)
368 timing metavuln:packument:body-parser Completed in 3898ms
369 timing metavuln:load:security-advisory:body-parser:1099520 Completed in 19ms
370 http fetch GET 200 https://registry.npmjs.org/depd/-/depd-2.0.0.tgz 5621ms (cache miss)
371 timing reifyNode:node_modules/depd Completed in 5969ms
372 timing reifyNode:node_modules/gopd Completed in 5977ms
373 http fetch GET 200 https://registry.npmjs.org/set-function-length/-/set-function-length-1.1.1.tgz 5799ms (cache miss)
374 http fetch GET 200 https://registry.npmjs.org/cookie/-/cookie-0.4.1.tgz 5643ms (cache miss)
375 timing reifyNode:node_modules/cookie Completed in 6002ms
376 http fetch GET 200 https://registry.npmjs.org/minimatch/-/minimatch-3.1.2.tgz 5761ms (cache miss)
377 timing reifyNode:node_modules/minimatch Completed in 6012ms
378 http fetch GET 200 https://registry.npmjs.org/safe-buffer/-/safe-buffer-5.1.2.tgz 5616ms (cache miss)
379 timing reifyNode:node_modules/basic-auth/node_modules/safe-buffer Completed in 6029ms
380 http fetch GET 200 https://registry.npmjs.org/safe-buffer/-/safe-buffer-5.2.1.tgz 5845ms (cache miss)
381 timing reifyNode:node_modules/safe-buffer Completed in 6045ms
382 http fetch GET 200 https://registry.npmjs.org/jws/-/jws-3.2.2.tgz 5760ms (cache miss)
383 http fetch GET 200 https://registry.npmjs.org/cookie/-/cookie-0.5.0.tgz 5650ms (cache miss)
384 timing reifyNode:node_modules/express/node_modules/cookie Completed in 6056ms
385 http fetch GET 200 https://registry.npmjs.org/has-property-descriptors/-/has-property-descriptors-1.0.1.tgz 5749ms (cache miss)
386 http fetch GET 200 https://registry.npmjs.org/is-number/-/is-number-7.0.0.tgz 5675ms (cache miss)
387 timing reifyNode:node_modules/is-number Completed in 6086ms
388 http fetch GET 200 https://registry.npmjs.org/on-headers/-/on-headers-1.0.2.tgz 5873ms (cache miss)
389 http fetch GET 200 https://registry.npmjs.org/ipaddr.js/-/ipaddr.js-1.9.1.tgz 5802ms (cache miss)
390 timing reifyNode:node_modules/ipaddr.js Completed in 6102ms
391 timing reifyNode:node_modules/set-function-length Completed in 6110ms
392 http fetch GET 200 https://registry.npmjs.org/@types/whatwg-url/-/whatwg-url-8.2.2.tgz 5723ms (cache miss)
393 http fetch GET 200 https://registry.npmjs.org/path-to-regexp 4062ms (cache miss)
394 timing metavuln:packument:path-to-regexp Completed in 4066ms
395 timing metavuln:load:security-advisory:path-to-regexp:1101081 Completed in 4ms
396 timing metavuln:load:security-advisory:path-to-regexp:1099562 Completed in 4ms
397 timing reifyNode:node_modules/on-headers Completed in 6133ms
398 http fetch GET 200 https://registry.npmjs.org/ms/-/ms-2.0.0.tgz 5899ms (cache miss)
399 timing reifyNode:node_modules/ms Completed in 6136ms
400 timing reifyNode:node_modules/jws Completed in 6137ms
401 http fetch GET 200 https://registry.npmjs.org/serve-static/-/serve-static-1.15.0.tgz 5948ms (cache miss)
402 timing reifyNode:node_modules/serve-static Completed in 6144ms
403 http fetch GET 200 https://registry.npmjs.org/object-assign/-/object-assign-4.1.1.tgz 5920ms (cache miss)
404 timing reifyNode:node_modules/object-assign Completed in 6146ms
405 http fetch GET 200 https://registry.npmjs.org/side-channel/-/side-channel-1.0.4.tgz 5967ms (cache miss)
406 timing reifyNode:node_modules/has-property-descriptors Completed in 6145ms
407 http fetch GET 200 https://registry.npmjs.org/send/-/send-0.18.0.tgz 5975ms (cache miss)
408 timing reifyNode:node_modules/send Completed in 6171ms
409 timing reifyNode:node_modules/@types/whatwg-url Completed in 6177ms
410 http fetch GET 200 https://registry.npmjs.org/webidl-conversions/-/webidl-conversions-7.0.0.tgz 5978ms (cache miss)
411 http fetch GET 200 https://registry.npmjs.org/undefsafe/-/undefsafe-2.0.5.tgz 6046ms (cache miss)
412 timing reifyNode:node_modules/webidl-conversions Completed in 6233ms
413 timing reifyNode:node_modules/side-channel Completed in 6230ms
414 http fetch GET 200 https://registry.npmjs.org/mongodb-connection-string-url/-/mongodb-connection-string-url-2.6.0.tgz 5981ms (cache miss)
415 http fetch GET 200 https://registry.npmjs.org/hasown/-/hasown-2.0.0.tgz 5945ms (cache miss)
416 timing metavuln:cache:put:security-advisory:cookie:fiAgy8LdsBPaQEbo7M3TC0K1AVc7Dl69m8P2pmr6RTs1eBYnkyvV6lHHCRB0mAKtL1TSQPXxJVEHOqp48Uvhag== Completed in 702ms
417 timing metavuln:calculate:security-advisory:cookie:1099846 Completed in 4215ms
418 timing reifyNode:node_modules/undefsafe Completed in 6273ms
419 http fetch GET 200 https://registry.npmjs.org/range-parser/-/range-parser-1.2.1.tgz 6172ms (cache miss)
420 timing reifyNode:node_modules/mongodb-connection-string-url Completed in 6378ms
421 http fetch GET 200 https://registry.npmjs.org/safer-buffer/-/safer-buffer-2.1.2.tgz 6186ms (cache miss)
422 timing reifyNode:node_modules/safer-buffer Completed in 6384ms
423 timing metavuln:cache:put:security-advisory:braces:JiXBFkEDkUnBQLw3PO6emUmmm2JXqgEbh+FhB3SNDS8k6Z0wM20irrfaOjjxYuMxZaKaDudvR037mtEoeqZzXw== Completed in 773ms
424 timing metavuln:calculate:security-advisory:braces:1098094 Completed in 4381ms
425 http fetch GET 200 https://registry.npmjs.org/mime-db/-/mime-db-1.52.0.tgz 6184ms (cache miss)
426 timing reifyNode:node_modules/mime-db Completed in 6438ms
427 timing reifyNode:node_modules/hasown Completed in 6441ms
428 timing reifyNode:node_modules/range-parser Completed in 6475ms
429 http fetch GET 200 https://registry.npmjs.org/get-intrinsic/-/get-intrinsic-1.2.2.tgz 6145ms (cache miss)
430 timing reifyNode:node_modules/get-intrinsic Completed in 6477ms
431 http fetch GET 200 https://registry.npmjs.org/debug/-/debug-4.3.4.tgz 6078ms (cache miss)
432 timing reifyNode:node_modules/nodemon/node_modules/debug Completed in 6486ms
433 http fetch GET 200 https://registry.npmjs.org/define-data-property/-/define-data-property-1.1.1.tgz 6156ms (cache miss)
434 http fetch GET 200 https://registry.npmjs.org/debug/-/debug-4.3.4.tgz 6159ms (cache miss)
435 timing reifyNode:node_modules/mquery/node_modules/debug Completed in 6565ms
436 timing metavuln:cache:put:security-advisory:serve-static:VyBBWzRCPk4QPwU71mkZJ+QZdwW0bnbx/lUJDdvhij3t67jGrB4z2A5Ryyta1VjZgpmZ9kuyannc46B7jSSuiQ== Completed in 844ms
437 timing metavuln:calculate:security-advisory:serve-static:1100528 Completed in 4576ms
438 timing reifyNode:node_modules/define-data-property Completed in 6638ms
439 http fetch GET 200 https://registry.npmjs.org/function-bind/-/function-bind-1.1.2.tgz 6306ms (cache miss)
440 timing metavuln:cache:put:security-advisory:body-parser:uoEU0GS6gk35ZdcQ5nagZYzZcDz5Th0PEvPIVa8rzwbO20pRdxYbAhpIm6Wc5MALXoWb1C4X8WqCtH02U0Wo1A== Completed in 701ms
441 timing metavuln:calculate:security-advisory:body-parser:1099520 Completed in 4621ms
442 timing metavuln:cache:put:security-advisory:send:OO84Jm+bi6L8ol/TxvTv+544ykBtTelmjwigseeY2D0sCzg0KsHTtaRRJob9h32hC3fi9i3JSBR51oHF0vvyRQ== Completed in 797ms
443 timing metavuln:calculate:security-advisory:send:1100526 Completed in 4618ms
444 timing reifyNode:node_modules/function-bind Completed in 6676ms
445 http fetch GET 200 https://registry.npmjs.org/call-bind/-/call-bind-1.0.5.tgz 6345ms (cache miss)
446 timing reifyNode:node_modules/call-bind Completed in 6709ms
447 http fetch GET 200 https://registry.npmjs.org/readdirp/-/readdirp-3.6.0.tgz 6529ms (cache miss)
448 timing reifyNode:node_modules/readdirp Completed in 6730ms
449 timing metavuln:cache:put:security-advisory:path-to-regexp:MGO+1pdJTigPi3TXGZyVn35t2czXVkYs+fgMO7RE91yslgH9FQoQuUVMgE+5KM1TF4oevhUauG5tddQcIK8Fzg== Completed in 619ms
450 timing metavuln:calculate:security-advisory:path-to-regexp:1099562 Completed in 4692ms
451 http fetch GET 200 https://registry.npmjs.org/on-finished/-/on-finished-2.4.1.tgz 6547ms (cache miss)
452 timing reifyNode:node_modules/on-finished Completed in 6770ms
453 http fetch GET 200 https://registry.npmjs.org/mpath/-/mpath-0.9.0.tgz 6531ms (cache miss)
454 timing metavuln:cache:put:security-advisory:path-to-regexp:2qdoAnGH3xB469g+aonHSVZDVP7zVBN7zKSrZom+Yx5jyXRqD98gvs0JcbJIcczqsPq3aVnw6g4EVzEWP24sQA== Completed in 673ms
455 timing metavuln:calculate:security-advisory:path-to-regexp:1101081 Completed in 4745ms
456 http fetch GET 200 https://registry.npmjs.org/raw-body/-/raw-body-2.5.1.tgz 6605ms (cache miss)
457 timing reifyNode:node_modules/raw-body Completed in 6808ms
458 timing reifyNode:node_modules/mpath Completed in 6814ms
459 http fetch GET 200 https://registry.npmjs.org/braces/-/braces-3.0.2.tgz 6440ms (cache miss)
460 timing reifyNode:node_modules/braces Completed in 6807ms
461 http fetch GET 200 https://registry.npmjs.org/has-symbols/-/has-symbols-1.0.3.tgz 6528ms (cache miss)
462 timing reifyNode:node_modules/has-symbols Completed in 6840ms
463 http fetch GET 200 https://registry.npmjs.org/chokidar/-/chokidar-3.5.3.tgz 6483ms (cache miss)
464 timing reifyNode:node_modules/chokidar Completed in 6848ms
465 http fetch GET 200 https://registry.npmjs.org/mime/-/mime-1.6.0.tgz 6653ms (cache miss)
466 timing reifyNode:node_modules/mime Completed in 6909ms
467 http fetch GET 200 https://registry.npmjs.org/nodemailer 4858ms (cache miss)
468 timing metavuln:packument:nodemailer Completed in 4866ms
469 timing metavuln:load:security-advisory:nodemailer:1096366 Completed in 12ms
470 http fetch GET 200 https://registry.npmjs.org/body-parser/-/body-parser-1.20.1.tgz 6559ms (cache miss)
471 timing reifyNode:node_modules/body-parser Completed in 6928ms
472 http fetch GET 200 https://registry.npmjs.org/dotenv/-/dotenv-16.3.1.tgz 6589ms (cache miss)
473 timing reifyNode:node_modules/dotenv Completed in 6934ms
474 http fetch GET 200 https://registry.npmjs.org/express 4887ms (cache miss)
475 timing metavuln:packument:express Completed in 4897ms
476 timing metavuln:load:security-advisory:express:1100530 Completed in 19ms
477 timing metavuln:load:security-advisory:express:1096820 Completed in 12ms
478 http fetch GET 200 https://registry.npmjs.org/morgan/-/morgan-1.10.0.tgz 6747ms (cache miss)
479 timing reifyNode:node_modules/morgan Completed in 6990ms
480 http fetch GET 200 https://registry.npmjs.org/nopt/-/nopt-1.0.10.tgz 6786ms (cache miss)
481 timing reifyNode:node_modules/nopt Completed in 7015ms
482 http fetch GET 200 https://registry.npmjs.org/pstree.remy/-/pstree.remy-1.1.8.tgz 6809ms (cache miss)
483 http fetch GET 200 https://registry.npmjs.org/negotiator/-/negotiator-0.6.3.tgz 6788ms (cache miss)
484 timing reifyNode:node_modules/negotiator Completed in 7022ms
485 http fetch GET 200 https://registry.npmjs.org/simple-update-notifier/-/simple-update-notifier-2.0.0.tgz 6856ms (cache miss)
486 timing reifyNode:node_modules/pstree.remy Completed in 7039ms
487 http fetch GET 200 https://registry.npmjs.org/tr46/-/tr46-3.0.0.tgz 6871ms (cache miss)
488 timing reifyNode:node_modules/tr46 Completed in 7046ms
489 timing reifyNode:node_modules/simple-update-notifier Completed in 7075ms
490 http fetch GET 200 https://registry.npmjs.org/jsonwebtoken/-/jsonwebtoken-9.0.2.tgz 6881ms (cache miss)
491 timing reifyNode:node_modules/jsonwebtoken Completed in 7167ms
492 timing metavuln:cache:put:security-advisory:express:lBXrUDHGQ8w6TsFbfO+dIpiL3mSEKXOF2OuvW+b7kHxIhUYJTgPXfCu70PLwR+5DiyOmPyeCmimiWIYaeIPBdw== Completed in 200ms
493 timing metavuln:calculate:security-advisory:express:1096820 Completed in 5131ms
494 timing metavuln:cache:put:security-advisory:nodemailer:3R+ZDqUGtmAOHqBo/GIHSnj4kIeziADiogmRK+KltHCL6n29j1eqw6rCDEkkFQXitiGnRa0hjWC7vLYgsIvPgg== Completed in 272ms
495 timing metavuln:calculate:security-advisory:nodemailer:1096366 Completed in 5150ms
496 timing metavuln:cache:put:security-advisory:express:Y6ACp2DmYM+0HQ/I8CvEhLQJwNp8DOoQ76C8ObH06Y0qG40PIuVRmOi3OWzwUOTASTLCIWqeicWSO/acR3aaGQ== Completed in 234ms
497 timing metavuln:calculate:security-advisory:express:1100530 Completed in 5152ms
498 http fetch GET 200 https://registry.npmjs.org/debug/-/debug-2.6.9.tgz 6901ms (cache miss)
499 timing reifyNode:node_modules/debug Completed in 7253ms
500 http fetch GET 200 https://registry.npmjs.org/picomatch/-/picomatch-2.3.1.tgz 7075ms (cache miss)
501 timing reifyNode:node_modules/picomatch Completed in 7290ms
502 http fetch GET 200 https://registry.npmjs.org/whatwg-url/-/whatwg-url-11.0.0.tgz 7130ms (cache miss)
503 timing reifyNode:node_modules/whatwg-url Completed in 7300ms
504 http fetch GET 200 https://registry.npmjs.org/mquery/-/mquery-5.0.0.tgz 7233ms (cache miss)
505 timing reifyNode:node_modules/mquery Completed in 7472ms
506 http fetch GET 200 https://registry.npmjs.org/express/-/express-4.18.2.tgz 7164ms (cache miss)
507 timing reifyNode:node_modules/express Completed in 7503ms
508 http fetch GET 200 https://registry.npmjs.org/@mongodb-js/saslprep/-/saslprep-1.1.1.tgz 7146ms (cache miss)
509 timing reifyNode:node_modules/@mongodb-js/saslprep Completed in 7566ms
510 http fetch GET 200 https://registry.npmjs.org/qs/-/qs-6.11.0.tgz 7466ms (cache miss)
511 timing reifyNode:node_modules/qs Completed in 7672ms
512 http fetch GET 200 https://registry.npmjs.org/mongoose 5717ms (cache miss)
513 timing metavuln:packument:mongoose Completed in 5774ms
514 timing metavuln:load:security-advisory:mongoose:1101063 Completed in 47ms
515 http fetch GET 200 https://registry.npmjs.org/undici-types/-/undici-types-5.26.5.tgz 7750ms (cache miss)
516 timing reifyNode:node_modules/undici-types Completed in 7922ms
517 timing metavuln:cache:put:security-advisory:mongoose:WWqvHXEeQpV3FnQE4A8P64U7tmkoMxM33ZQPPogWXc7U4k8oxrfMY3yfqOPMsV0DgU0OUYN4g48eq9GeinAduA== Completed in 99ms
518 timing metavuln:calculate:security-advisory:mongoose:1101063 Completed in 5922ms
519 timing metavuln:cache:get:security-advisory:express:jvTd6gzTcOHtTpI+4CX7Ne4qICdj+n1Uun+dHPDk1JAyy9ltqA8JnsvVhBi+M0Y+kR5QoSv5YqjecJACWBUhEA== Completed in 4ms
520 timing metavuln:load:security-advisory:express:uoEU0GS6gk35ZdcQ5nagZYzZcDz5Th0PEvPIVa8rzwbO20pRdxYbAhpIm6Wc5MALXoWb1C4X8WqCtH02U0Wo1A== Completed in 55ms
521 http fetch GET 200 https://registry.npmjs.org/bcryptjs/-/bcryptjs-2.4.3.tgz 7688ms (cache miss)
522 timing reifyNode:node_modules/bcryptjs Completed in 8067ms
523 http fetch GET 200 https://registry.npmjs.org/npm 8541ms (cache miss)
524 timing metavuln:cache:put:security-advisory:express:jvTd6gzTcOHtTpI+4CX7Ne4qICdj+n1Uun+dHPDk1JAyy9ltqA8JnsvVhBi+M0Y+kR5QoSv5YqjecJACWBUhEA== Completed in 212ms
525 timing metavuln:calculate:security-advisory:express:uoEU0GS6gk35ZdcQ5nagZYzZcDz5Th0PEvPIVa8rzwbO20pRdxYbAhpIm6Wc5MALXoWb1C4X8WqCtH02U0Wo1A== Completed in 272ms
526 timing metavuln:cache:get:security-advisory:chokidar:LU+YLfVnn6vFXVAvnsGqd58Rz8g6tJ60ZMP+wazsDeQPoFbTHjxfCKIpn7lW6acFOIKvNjhthFMXqTIaWevt+w== Completed in 12ms
527 http fetch GET 200 https://registry.npmjs.org/sift/-/sift-16.0.1.tgz 8119ms (cache miss)
528 timing reifyNode:node_modules/sift Completed in 8316ms
529 http fetch GET 200 https://registry.npmjs.org/object-inspect/-/object-inspect-1.13.1.tgz 8090ms (cache miss)
530 timing reifyNode:node_modules/object-inspect Completed in 8317ms
531 http fetch GET 200 https://registry.npmjs.org/iconv-lite/-/iconv-lite-0.4.24.tgz 8034ms (cache miss)
532 timing reifyNode:node_modules/iconv-lite Completed in 8337ms
533 http fetch GET 200 https://registry.npmjs.org/nodemon/-/nodemon-3.0.2.tgz 8209ms (cache miss)
534 timing reifyNode:node_modules/nodemon Completed in 8445ms
535 http fetch GET 200 https://registry.npmjs.org/chokidar 279ms (cache miss)
536 timing metavuln:packument:chokidar Completed in 284ms
537 timing metavuln:load:security-advisory:chokidar:JiXBFkEDkUnBQLw3PO6emUmmm2JXqgEbh+FhB3SNDS8k6Z0wM20irrfaOjjxYuMxZaKaDudvR037mtEoeqZzXw== Completed in 5ms
538 http fetch GET 200 https://registry.npmjs.org/semver/-/semver-7.5.4.tgz 8373ms (cache miss)
539 timing reifyNode:node_modules/semver Completed in 8570ms
540 timing metavuln:cache:put:security-advisory:chokidar:LU+YLfVnn6vFXVAvnsGqd58Rz8g6tJ60ZMP+wazsDeQPoFbTHjxfCKIpn7lW6acFOIKvNjhthFMXqTIaWevt+w== Completed in 52ms
541 timing metavuln:calculate:security-advisory:chokidar:JiXBFkEDkUnBQLw3PO6emUmmm2JXqgEbh+FhB3SNDS8k6Z0wM20irrfaOjjxYuMxZaKaDudvR037mtEoeqZzXw== Completed in 344ms
542 timing metavuln:cache:get:security-advisory:cookie-parser:sDlhNVhVzHLlr5NOn1oZNoOUuqBS15f8C34c2B5V4HALuMj8x8t0nGF9Ey9QqedEK3SyeRoDDHIIBKbICoF5zA== Completed in 6ms
543 timing metavuln:cache:get:security-advisory:express:wpiLhoazHuPn1BZx3aoZElXRJGtv0L0hAoLu6mSYyQJJZRllThEbX+Zz/Sao2aEUznMvCOKVfYofpLqfRxfcfQ== Completed in 5ms
544 timing metavuln:load:security-advisory:express:fiAgy8LdsBPaQEbo7M3TC0K1AVc7Dl69m8P2pmr6RTs1eBYnkyvV6lHHCRB0mAKtL1TSQPXxJVEHOqp48Uvhag== Completed in 57ms
545 timing metavuln:cache:put:security-advisory:express:wpiLhoazHuPn1BZx3aoZElXRJGtv0L0hAoLu6mSYyQJJZRllThEbX+Zz/Sao2aEUznMvCOKVfYofpLqfRxfcfQ== Completed in 77ms
546 timing metavuln:calculate:security-advisory:express:fiAgy8LdsBPaQEbo7M3TC0K1AVc7Dl69m8P2pmr6RTs1eBYnkyvV6lHHCRB0mAKtL1TSQPXxJVEHOqp48Uvhag== Completed in 140ms
547 http fetch GET 200 https://registry.npmjs.org/nodemailer/-/nodemailer-6.9.7.tgz 8605ms (cache miss)
548 timing reifyNode:node_modules/nodemailer Completed in 8840ms
549 http fetch GET 200 https://registry.npmjs.org/bson/-/bson-6.2.0.tgz 8610ms (cache miss)
550 timing reifyNode:node_modules/bson Completed in 8978ms
551 http fetch GET 200 https://registry.npmjs.org/cookie-parser 478ms (cache miss)
552 timing metavuln:packument:cookie-parser Completed in 481ms
553 timing metavuln:load:security-advisory:cookie-parser:fiAgy8LdsBPaQEbo7M3TC0K1AVc7Dl69m8P2pmr6RTs1eBYnkyvV6lHHCRB0mAKtL1TSQPXxJVEHOqp48Uvhag== Completed in 2ms
554 timing metavuln:cache:put:security-advisory:cookie-parser:sDlhNVhVzHLlr5NOn1oZNoOUuqBS15f8C34c2B5V4HALuMj8x8t0nGF9Ey9QqedEK3SyeRoDDHIIBKbICoF5zA== Completed in 20ms
555 timing metavuln:calculate:security-advisory:cookie-parser:fiAgy8LdsBPaQEbo7M3TC0K1AVc7Dl69m8P2pmr6RTs1eBYnkyvV6lHHCRB0mAKtL1TSQPXxJVEHOqp48Uvhag== Completed in 503ms
556 timing metavuln:cache:get:security-advisory:express:ebtUTbPFP4GLpEWnCv5+nWyKme1GvNGh2ld1QU5lNTXxEKWFf6g6IO59JyRhLIuY6S5UVcC4dpdRfp+Zookh0g== Completed in 2ms
557 timing metavuln:load:security-advisory:express:2qdoAnGH3xB469g+aonHSVZDVP7zVBN7zKSrZom+Yx5jyXRqD98gvs0JcbJIcczqsPq3aVnw6g4EVzEWP24sQA== Completed in 35ms
558 timing metavuln:cache:put:security-advisory:express:ebtUTbPFP4GLpEWnCv5+nWyKme1GvNGh2ld1QU5lNTXxEKWFf6g6IO59JyRhLIuY6S5UVcC4dpdRfp+Zookh0g== Completed in 49ms
559 timing metavuln:calculate:security-advisory:express:2qdoAnGH3xB469g+aonHSVZDVP7zVBN7zKSrZom+Yx5jyXRqD98gvs0JcbJIcczqsPq3aVnw6g4EVzEWP24sQA== Completed in 87ms
560 timing metavuln:cache:get:security-advisory:express:Qe6VF1gD5PmAmaVNrJr0J8EQ8Qwml8HW8gKRPrVTt49nXoALpdty5p0HEWXknOQEYO9qrvzPNstxfrAZkwfmTA== Completed in 2ms
561 timing metavuln:load:security-advisory:express:OO84Jm+bi6L8ol/TxvTv+544ykBtTelmjwigseeY2D0sCzg0KsHTtaRRJob9h32hC3fi9i3JSBR51oHF0vvyRQ== Completed in 52ms
562 timing metavuln:cache:get:security-advisory:serve-static:rFrbBZRsSM/oAPkR1kIOYwnT14s34lSDNsxxJua0O3dwCHVL9UuENLbLNsnwWaFICcgsfpfgwdjwWHwu1nJzWQ== Completed in 55ms
563 timing metavuln:load:security-advisory:serve-static:OO84Jm+bi6L8ol/TxvTv+544ykBtTelmjwigseeY2D0sCzg0KsHTtaRRJob9h32hC3fi9i3JSBR51oHF0vvyRQ== Completed in 22ms
564 timing metavuln:cache:put:security-advisory:serve-static:rFrbBZRsSM/oAPkR1kIOYwnT14s34lSDNsxxJua0O3dwCHVL9UuENLbLNsnwWaFICcgsfpfgwdjwWHwu1nJzWQ== Completed in 34ms
565 timing metavuln:calculate:security-advisory:serve-static:OO84Jm+bi6L8ol/TxvTv+544ykBtTelmjwigseeY2D0sCzg0KsHTtaRRJob9h32hC3fi9i3JSBR51oHF0vvyRQ== Completed in 113ms
566 timing metavuln:cache:put:security-advisory:express:Qe6VF1gD5PmAmaVNrJr0J8EQ8Qwml8HW8gKRPrVTt49nXoALpdty5p0HEWXknOQEYO9qrvzPNstxfrAZkwfmTA== Completed in 60ms
567 timing metavuln:calculate:security-advisory:express:OO84Jm+bi6L8ol/TxvTv+544ykBtTelmjwigseeY2D0sCzg0KsHTtaRRJob9h32hC3fi9i3JSBR51oHF0vvyRQ== Completed in 115ms
568 timing metavuln:cache:get:security-advisory:express:kykTo4VuC2rM2MB0/ANQ51tOegcUPd67Lh4iIK7TUUpqt61eQaJ70XtItcffrJ8PoIYxwtnuqm5DJGT19JMA/A== Completed in 2ms
569 timing metavuln:load:security-advisory:express:VyBBWzRCPk4QPwU71mkZJ+QZdwW0bnbx/lUJDdvhij3t67jGrB4z2A5Ryyta1VjZgpmZ9kuyannc46B7jSSuiQ== Completed in 56ms
570 timing metavuln:cache:put:security-advisory:express:kykTo4VuC2rM2MB0/ANQ51tOegcUPd67Lh4iIK7TUUpqt61eQaJ70XtItcffrJ8PoIYxwtnuqm5DJGT19JMA/A== Completed in 17ms
571 timing metavuln:calculate:security-advisory:express:VyBBWzRCPk4QPwU71mkZJ+QZdwW0bnbx/lUJDdvhij3t67jGrB4z2A5Ryyta1VjZgpmZ9kuyannc46B7jSSuiQ== Completed in 75ms
572 timing auditReport:init Completed in 7366ms
573 timing reify:audit Completed in 9442ms
574 http fetch GET 200 https://registry.npmjs.org/@types/node/-/node-20.10.2.tgz 9466ms (cache miss)
575 timing reifyNode:node_modules/@types/node Completed in 9860ms
576 http fetch GET 200 https://registry.npmjs.org/mongoose/-/mongoose-8.0.2.tgz 10420ms (cache miss)
577 timing reifyNode:node_modules/mongoose Completed in 10671ms
578 http fetch GET 200 https://registry.npmjs.org/mongodb/-/mongodb-6.2.0.tgz 10772ms (cache miss)
579 timing reifyNode:node_modules/mongodb Completed in 11025ms
580 timing reify:unpack Completed in 11035ms
581 timing reify:unretire Completed in 4ms
582 timing build:queue Completed in 10ms
583 timing build:link:node_modules/mime Completed in 26ms
584 timing build:link:node_modules/nopt Completed in 22ms
585 timing build:link:node_modules/nodemon Completed in 23ms
586 timing build:link:node_modules/touch Completed in 21ms
587 timing build:link:node_modules/semver Completed in 21ms
588 timing build:link Completed in 27ms
589 timing build:deps Completed in 38ms
590 timing build Completed in 39ms
591 timing reify:build Completed in 39ms
592 timing reify:trash Completed in 2ms
593 timing reify:save Completed in 128ms
594 timing reify Completed in 11690ms
595 silly ADD node_modules/yallist
596 silly ADD node_modules/whatwg-url
597 silly ADD node_modules/webidl-conversions
598 silly ADD node_modules/vary
599 silly ADD node_modules/utils-merge
600 silly ADD node_modules/unpipe
601 silly ADD node_modules/undici-types
602 silly ADD node_modules/undefsafe
603 silly ADD node_modules/type-is
604 silly ADD node_modules/tr46
605 silly ADD node_modules/touch
606 silly ADD node_modules/toidentifier
607 silly ADD node_modules/to-regex-range
608 silly ADD node_modules/supports-color
609 silly ADD node_modules/statuses
610 silly ADD node_modules/sparse-bitfield
611 silly ADD node_modules/simple-update-notifier
612 silly ADD node_modules/sift
613 silly ADD node_modules/side-channel
614 silly ADD node_modules/setprototypeof
615 silly ADD node_modules/set-function-length
616 silly ADD node_modules/serve-static
617 silly ADD node_modules/send
618 silly ADD node_modules/send/node_modules/ms
619 silly ADD node_modules/semver
620 silly ADD node_modules/safer-buffer
621 silly ADD node_modules/safe-buffer
622 silly ADD node_modules/readdirp
623 silly ADD node_modules/raw-body
624 silly ADD node_modules/range-parser
625 silly ADD node_modules/qs
626 silly ADD node_modules/punycode
627 silly ADD node_modules/pstree.remy
628 silly ADD node_modules/proxy-addr
629 silly ADD node_modules/picomatch
630 silly ADD node_modules/path-to-regexp
631 silly ADD node_modules/parseurl
632 silly ADD node_modules/on-headers
633 silly ADD node_modules/on-finished
634 silly ADD node_modules/object-inspect
635 silly ADD node_modules/object-assign
636 silly ADD node_modules/normalize-path
637 silly ADD node_modules/nopt
638 silly ADD node_modules/nodemon
639 silly ADD node_modules/nodemon/node_modules/ms
640 silly ADD node_modules/nodemon/node_modules/debug
641 silly ADD node_modules/nodemailer
642 silly ADD node_modules/negotiator
643 silly ADD node_modules/ms
644 silly ADD node_modules/mquery
645 silly ADD node_modules/mquery/node_modules/ms
646 silly ADD node_modules/mquery/node_modules/debug
647 silly ADD node_modules/mpath
648 silly ADD node_modules/morgan
649 silly ADD node_modules/morgan/node_modules/on-finished
650 silly ADD node_modules/mongoose
651 silly ADD node_modules/mongoose/node_modules/ms
652 silly ADD node_modules/mongodb-connection-string-url
653 silly ADD node_modules/mongodb
654 silly ADD node_modules/minimatch
655 silly ADD node_modules/mime-types
656 silly ADD node_modules/mime-db
657 silly ADD node_modules/mime
658 silly ADD node_modules/methods
659 silly ADD node_modules/merge-descriptors
660 silly ADD node_modules/memory-pager
661 silly ADD node_modules/media-typer
662 silly ADD node_modules/lru-cache
663 silly ADD node_modules/lodash.once
664 silly ADD node_modules/lodash.isstring
665 silly ADD node_modules/lodash.isplainobject
666 silly ADD node_modules/lodash.isnumber
667 silly ADD node_modules/lodash.isinteger
668 silly ADD node_modules/lodash.isboolean
669 silly ADD node_modules/lodash.includes
670 silly ADD node_modules/kareem
671 silly ADD node_modules/jws
672 silly ADD node_modules/jwa
673 silly ADD node_modules/jsonwebtoken
674 silly ADD node_modules/jsonwebtoken/node_modules/ms
675 silly ADD node_modules/is-number
676 silly ADD node_modules/is-glob
677 silly ADD node_modules/is-extglob
678 silly ADD node_modules/is-binary-path
679 silly ADD node_modules/ipaddr.js
680 silly ADD node_modules/inherits
681 silly ADD node_modules/ignore-by-default
682 silly ADD node_modules/iconv-lite
683 silly ADD node_modules/http-errors
684 silly ADD node_modules/hasown
685 silly ADD node_modules/has-symbols
686 silly ADD node_modules/has-proto
687 silly ADD node_modules/has-property-descriptors
688 silly ADD node_modules/has-flag
689 silly ADD node_modules/gopd
690 silly ADD node_modules/glob-parent
691 silly ADD node_modules/get-intrinsic
692 silly ADD node_modules/function-bind
693 silly ADD
694 silly ADD node_modules/fresh
695 silly ADD node_modules/forwarded
696 silly ADD node_modules/finalhandler
697 silly ADD node_modules/fill-range
698 silly ADD node_modules/express
699 silly ADD node_modules/express/node_modules/cookie
700 silly ADD node_modules/etag
701 silly ADD node_modules/escape-html
702 silly ADD node_modules/encodeurl
703 silly ADD node_modules/ee-first
704 silly ADD node_modules/ecdsa-sig-formatter
705 silly ADD node_modules/dotenv
706 silly ADD node_modules/destroy
707 silly ADD node_modules/depd
708 silly ADD node_modules/define-data-property
709 silly ADD node_modules/debug
710 silly ADD node_modules/cors
711 silly ADD node_modules/cookie-signature
712 silly ADD node_modules/cookie-parser
713 silly ADD node_modules/cookie
714 silly ADD node_modules/content-type
715 silly ADD node_modules/content-disposition
716 silly ADD node_modules/concat-map
717 silly ADD node_modules/chokidar
718 silly ADD node_modules/call-bind
719 silly ADD node_modules/bytes
720 silly ADD node_modules/buffer-equal-constant-time
721 silly ADD node_modules/bson
722 silly ADD node_modules/braces
723 silly ADD node_modules/brace-expansion
724 silly ADD node_modules/body-parser
725 silly ADD node_modules/binary-extensions
726 silly ADD node_modules/bcryptjs
727 silly ADD node_modules/basic-auth
728 silly ADD node_modules/basic-auth/node_modules/safe-buffer
729 silly ADD node_modules/balanced-match
730 silly ADD node_modules/array-flatten
731 silly ADD node_modules/anymatch
732 silly ADD node_modules/accepts
733 silly ADD node_modules/abbrev
734 silly ADD node_modules/@types/whatwg-url
735 silly ADD node_modules/@types/webidl-conversions
736 silly ADD node_modules/@types/node
737 silly ADD node_modules/@mongodb-js/saslprep
738 timing command:install Completed in 11769ms
739 notice
739 notice New major version of npm available! 10.2.4 -> 11.0.0
739 notice Changelog: <https://github.com/npm/cli/releases/tag/v11.0.0>
739 notice Run `npm install -g npm@11.0.0` to update!
739 notice
740 verbose exit 0
741 timing npm Completed in 12422ms
742 info ok
