0 verbose cli C:\Program Files\nodejs\node.exe C:\Program Files\nodejs\node_modules\npm\bin\npm-cli.js
1 info using npm@10.2.4
2 info using node@v20.11.0
3 timing npm:load:whichnode Completed in 4ms
4 timing config:load:defaults Completed in 5ms
5 timing config:load:file:C:\Program Files\nodejs\node_modules\npm\npmrc Completed in 12ms
6 timing config:load:builtin Completed in 13ms
7 timing config:load:cli Completed in 12ms
8 timing config:load:env Completed in 8ms
9 timing config:load:file:C:\Users\Toshiba\WakaShop\backend\.npmrc Completed in 1ms
10 timing config:load:project Completed in 16ms
11 timing config:load:file:C:\Users\Toshiba\.npmrc Completed in 3ms
12 timing config:load:user Completed in 3ms
13 timing config:load:file:C:\Users\Toshiba\AppData\Roaming\npm\etc\npmrc Completed in 4ms
14 timing config:load:global Completed in 7ms
15 timing config:load:setEnvs Completed in 4ms
16 timing config:load Completed in 72ms
17 timing npm:load:configload Completed in 72ms
18 timing config:load:flatten Completed in 6ms
19 timing npm:load:mkdirpcache Completed in 0ms
20 timing npm:load:mkdirplogs Completed in 0ms
21 verbose title npm uninstall caniuse-lite
22 verbose argv "uninstall" "caniuse-lite"
23 timing npm:load:setTitle Completed in 2ms
24 timing npm:load:display Completed in 3ms
25 verbose logfile logs-max:10 dir:C:\Users\Toshiba\WakaShop\backend\UsersToshibaAppDataLocalnpm-cache\_logs\2025-01-08T18_39_42_804Z-
26 verbose logfile C:\Users\Toshiba\WakaShop\backend\UsersToshibaAppDataLocalnpm-cache\_logs\2025-01-08T18_39_42_804Z-debug-0.log
27 timing npm:load:logFile Completed in 374ms
28 timing npm:load:timers Completed in 0ms
29 timing npm:load:configScope Completed in 0ms
30 timing npm:load Completed in 530ms
31 timing arborist:ctor Completed in 1ms
32 silly logfile start cleaning logs, removing 3 files
33 silly logfile error removing log file C:\Users\Toshiba\WakaShop\backend\UsersToshibaAppDataLocalnpm-cache\_logs\2025-01-08T18_39_04_228Z-debug-0.log [Error: EPERM: operation not permitted, lstat 'C:\Users\Toshiba\WakaShop\backend\UsersToshibaAppDataLocalnpm-cache\_logs\2025-01-08T18_39_04_228Z-debug-0.log'] {
33 silly logfile   errno: -4048,
33 silly logfile   code: 'EPERM',
33 silly logfile   syscall: 'lstat',
33 silly logfile   path: 'C:\\Users\\Toshiba\\WakaShop\\backend\\UsersToshibaAppDataLocalnpm-cache\\_logs\\2025-01-08T18_39_04_228Z-debug-0.log'
33 silly logfile }
34 silly logfile done cleaning log files
35 timing idealTree:init Completed in 290ms
36 timing idealTree:userRequests Completed in 1ms
37 silly idealTree buildDeps
38 timing idealTree:#root Completed in 5ms
39 timing idealTree:buildDeps Completed in 8ms
40 timing idealTree:fixDepFlags Completed in 5ms
41 timing idealTree Completed in 317ms
42 timing arborist:ctor Completed in 1ms
43 timing reify:loadTrees Completed in 418ms
44 timing reify:diffTrees Completed in 13ms
45 silly reify mark retired [ 'C:\\Users\\Toshiba\\WakaShop\\backend\\node_modules\\caniuse-lite' ]
46 silly reify moves {
46 silly reify   'C:\\Users\\Toshiba\\WakaShop\\backend\\node_modules\\caniuse-lite': 'C:\\Users\\Toshiba\\WakaShop\\backend\\node_modules\\.caniuse-lite-ulDfXoOl'
46 silly reify }
47 timing reify:retireShallow Completed in 8ms
48 timing reify:createSparse Completed in 2ms
49 timing reify:loadBundles Completed in 0ms
50 silly audit bulk request {
50 silly audit   '@mongodb-js/saslprep': [ '1.1.1' ],
50 silly audit   '@types/node': [ '20.10.2' ],
50 silly audit   '@types/webidl-conversions': [ '7.0.3' ],
50 silly audit   '@types/whatwg-url': [ '8.2.2' ],
50 silly audit   abbrev: [ '1.1.1' ],
50 silly audit   accepts: [ '1.3.8' ],
50 silly audit   anymatch: [ '3.1.3' ],
50 silly audit   'array-flatten': [ '1.1.1' ],
50 silly audit   'balanced-match': [ '1.0.2' ],
50 silly audit   'basic-auth': [ '2.0.1' ],
50 silly audit   'safe-buffer': [ '5.1.2', '5.2.1' ],
50 silly audit   bcryptjs: [ '2.4.3' ],
50 silly audit   'binary-extensions': [ '2.2.0' ],
50 silly audit   'body-parser': [ '1.20.1' ],
50 silly audit   'brace-expansion': [ '1.1.11' ],
50 silly audit   braces: [ '3.0.2' ],
50 silly audit   bson: [ '6.2.0' ],
50 silly audit   'buffer-equal-constant-time': [ '1.0.1' ],
50 silly audit   bytes: [ '3.1.2' ],
50 silly audit   'call-bind': [ '1.0.5' ],
50 silly audit   chokidar: [ '3.5.3' ],
50 silly audit   'concat-map': [ '0.0.1' ],
50 silly audit   'content-disposition': [ '0.5.4' ],
50 silly audit   'content-type': [ '1.0.5' ],
50 silly audit   cookie: [ '0.4.1', '0.5.0' ],
50 silly audit   'cookie-parser': [ '1.4.6' ],
50 silly audit   'cookie-signature': [ '1.0.6' ],
50 silly audit   cors: [ '2.8.5' ],
50 silly audit   debug: [ '2.6.9', '4.3.4' ],
50 silly audit   'define-data-property': [ '1.1.1' ],
50 silly audit   depd: [ '2.0.0' ],
50 silly audit   destroy: [ '1.2.0' ],
50 silly audit   dotenv: [ '16.3.1' ],
50 silly audit   'ecdsa-sig-formatter': [ '1.0.11' ],
50 silly audit   'ee-first': [ '1.1.1' ],
50 silly audit   encodeurl: [ '1.0.2' ],
50 silly audit   'escape-html': [ '1.0.3' ],
50 silly audit   etag: [ '1.8.1' ],
50 silly audit   express: [ '4.18.2' ],
50 silly audit   'fill-range': [ '7.0.1' ],
50 silly audit   finalhandler: [ '1.2.0' ],
50 silly audit   forwarded: [ '0.2.0' ],
50 silly audit   fresh: [ '0.5.2' ],
50 silly audit   fsevents: [ '2.3.3' ],
50 silly audit   'function-bind': [ '1.1.2' ],
50 silly audit   'get-intrinsic': [ '1.2.2' ],
50 silly audit   'glob-parent': [ '5.1.2' ],
50 silly audit   gopd: [ '1.0.1' ],
50 silly audit   'has-flag': [ '3.0.0' ],
50 silly audit   'has-property-descriptors': [ '1.0.1' ],
50 silly audit   'has-proto': [ '1.0.1' ],
50 silly audit   'has-symbols': [ '1.0.3' ],
50 silly audit   hasown: [ '2.0.0' ],
50 silly audit   'http-errors': [ '2.0.0' ],
50 silly audit   'iconv-lite': [ '0.4.24' ],
50 silly audit   'ignore-by-default': [ '1.0.1' ],
50 silly audit   inherits: [ '2.0.4' ],
50 silly audit   'ipaddr.js': [ '1.9.1' ],
50 silly audit   'is-binary-path': [ '2.1.0' ],
50 silly audit   'is-extglob': [ '2.1.1' ],
50 silly audit   'is-glob': [ '4.0.3' ],
50 silly audit   'is-number': [ '7.0.0' ],
50 silly audit   jsonwebtoken: [ '9.0.2' ],
50 silly audit   ms: [ '2.1.3', '2.1.2', '2.0.0' ],
50 silly audit   jwa: [ '1.4.1' ],
50 silly audit   jws: [ '3.2.2' ],
50 silly audit   kareem: [ '2.5.1' ],
50 silly audit   'lodash.includes': [ '4.3.0' ],
50 silly audit   'lodash.isboolean': [ '3.0.3' ],
50 silly audit   'lodash.isinteger': [ '4.0.4' ],
50 silly audit   'lodash.isnumber': [ '3.0.3' ],
50 silly audit   'lodash.isplainobject': [ '4.0.6' ],
50 silly audit   'lodash.isstring': [ '4.0.1' ],
50 silly audit   'lodash.once': [ '4.1.1' ],
50 silly audit   'lru-cache': [ '6.0.0' ],
50 silly audit   'media-typer': [ '0.3.0' ],
50 silly audit   'memory-pager': [ '1.5.0' ],
50 silly audit   'merge-descriptors': [ '1.0.1' ],
50 silly audit   methods: [ '1.1.2' ],
50 silly audit   mime: [ '1.6.0' ],
50 silly audit   'mime-db': [ '1.52.0' ],
50 silly audit   'mime-types': [ '2.1.35' ],
50 silly audit   minimatch: [ '3.1.2' ],
50 silly audit   mongodb: [ '6.2.0' ],
50 silly audit   'mongodb-connection-string-url': [ '2.6.0' ],
50 silly audit   mongoose: [ '8.0.2' ],
50 silly audit   morgan: [ '1.10.0' ],
50 silly audit   'on-finished': [ '2.3.0', '2.4.1' ],
50 silly audit   mpath: [ '0.9.0' ],
50 silly audit   mquery: [ '5.0.0' ],
50 silly audit   negotiator: [ '0.6.3' ],
50 silly audit   nodemailer: [ '6.9.7' ],
50 silly audit   nodemon: [ '3.0.2' ],
50 silly audit   nopt: [ '1.0.10' ],
50 silly audit   'normalize-path': [ '3.0.0' ],
50 silly audit   'object-assign': [ '4.1.1' ],
50 silly audit   'object-inspect': [ '1.13.1' ],
50 silly audit   'on-headers': [ '1.0.2' ],
50 silly audit   parseurl: [ '1.3.3' ],
50 silly audit   'path-to-regexp': [ '0.1.7' ],
50 silly audit   picomatch: [ '2.3.1' ],
50 silly audit   'proxy-addr': [ '2.0.7' ],
50 silly audit   'pstree.remy': [ '1.1.8' ],
50 silly audit   punycode: [ '2.3.1' ],
50 silly audit   qs: [ '6.11.0' ],
50 silly audit   'range-parser': [ '1.2.1' ],
50 silly audit   'raw-body': [ '2.5.1' ],
50 silly audit   readdirp: [ '3.6.0' ],
50 silly audit   'safer-buffer': [ '2.1.2' ],
50 silly audit   semver: [ '7.5.4' ],
50 silly audit   send: [ '0.18.0' ],
50 silly audit   'serve-static': [ '1.15.0' ],
50 silly audit   'set-function-length': [ '1.1.1' ],
50 silly audit   setprototypeof: [ '1.2.0' ],
50 silly audit   'side-channel': [ '1.0.4' ],
50 silly audit   sift: [ '16.0.1' ],
50 silly audit   'simple-update-notifier': [ '2.0.0' ],
50 silly audit   'sparse-bitfield': [ '3.0.3' ],
50 silly audit   statuses: [ '2.0.1' ],
50 silly audit   'supports-color': [ '5.5.0' ],
50 silly audit   'to-regex-range': [ '5.0.1' ],
50 silly audit   toidentifier: [ '1.0.1' ],
50 silly audit   touch: [ '3.1.0' ],
50 silly audit   tr46: [ '3.0.0' ],
50 silly audit   'type-is': [ '1.6.18' ],
50 silly audit   undefsafe: [ '2.0.5' ],
50 silly audit   'undici-types': [ '5.26.5' ],
50 silly audit   unpipe: [ '1.0.0' ],
50 silly audit   'utils-merge': [ '1.0.1' ],
50 silly audit   vary: [ '1.1.2' ],
50 silly audit   'webidl-conversions': [ '7.0.0' ],
50 silly audit   'whatwg-url': [ '11.0.0' ],
50 silly audit   yallist: [ '4.0.0' ]
50 silly audit }
51 verbose reify failed optional dependency C:\Users\Toshiba\WakaShop\backend\node_modules\fsevents
52 silly reify mark deleted [ 'C:\\Users\\Toshiba\\WakaShop\\backend\\node_modules\\fsevents' ]
53 timing reifyNode:node_modules/fsevents Completed in 210ms
54 timing reify:unpack Completed in 248ms
55 timing reify:unretire Completed in 0ms
56 timing build:queue Completed in 5ms
57 timing build:deps Completed in 7ms
58 timing build Completed in 7ms
59 timing reify:build Completed in 10ms
60 timing reify:trash Completed in 205ms
61 timing reify:save Completed in 172ms
62 http fetch POST 200 https://registry.npmjs.org/-/npm/v1/security/advisories/bulk 1261ms
63 timing auditReport:getReport Completed in 1301ms
64 silly audit report {
64 silly audit report   'body-parser': [
64 silly audit report     {
64 silly audit report       id: 1099520,
64 silly audit report       url: 'https://github.com/advisories/GHSA-qwcr-r2fm-qrc7',
64 silly audit report       title: 'body-parser vulnerable to denial of service when url encoding is enabled',
64 silly audit report       severity: 'high',
64 silly audit report       vulnerable_versions: '<1.20.3',
64 silly audit report       cwe: [Array],
64 silly audit report       cvss: [Object]
64 silly audit report     }
64 silly audit report   ],
64 silly audit report   braces: [
64 silly audit report     {
64 silly audit report       id: 1098094,
64 silly audit report       url: 'https://github.com/advisories/GHSA-grv7-fg5c-xmjg',
64 silly audit report       title: 'Uncontrolled resource consumption in braces',
64 silly audit report       severity: 'high',
64 silly audit report       vulnerable_versions: '<3.0.3',
64 silly audit report       cwe: [Array],
64 silly audit report       cvss: [Object]
64 silly audit report     }
64 silly audit report   ],
64 silly audit report   cookie: [
64 silly audit report     {
64 silly audit report       id: 1099846,
64 silly audit report       url: 'https://github.com/advisories/GHSA-pxg6-pf52-xh8x',
64 silly audit report       title: 'cookie accepts cookie name, path, and domain with out of bounds characters',
64 silly audit report       severity: 'low',
64 silly audit report       vulnerable_versions: '<0.7.0',
64 silly audit report       cwe: [Array],
64 silly audit report       cvss: [Object]
64 silly audit report     }
64 silly audit report   ],
64 silly audit report   express: [
64 silly audit report     {
64 silly audit report       id: 1100530,
64 silly audit report       url: 'https://github.com/advisories/GHSA-qw6h-vgh9-j6wx',
64 silly audit report       title: 'express vulnerable to XSS via response.redirect()',
64 silly audit report       severity: 'low',
64 silly audit report       vulnerable_versions: '<4.20.0',
64 silly audit report       cwe: [Array],
64 silly audit report       cvss: [Object]
64 silly audit report     },
64 silly audit report     {
64 silly audit report       id: 1096820,
64 silly audit report       url: 'https://github.com/advisories/GHSA-rv95-896h-c2vc',
64 silly audit report       title: 'Express.js Open Redirect in malformed URLs',
64 silly audit report       severity: 'moderate',
64 silly audit report       vulnerable_versions: '<4.19.2',
64 silly audit report       cwe: [Array],
64 silly audit report       cvss: [Object]
64 silly audit report     }
64 silly audit report   ],
64 silly audit report   mongoose: [
64 silly audit report     {
64 silly audit report       id: 1101063,
64 silly audit report       url: 'https://github.com/advisories/GHSA-m7xq-9374-9rvx',
64 silly audit report       title: 'Mongoose search injection vulnerability',
64 silly audit report       severity: 'high',
64 silly audit report       vulnerable_versions: '>=8.0.0-rc0 <8.8.3',
64 silly audit report       cwe: [Array],
64 silly audit report       cvss: [Object]
64 silly audit report     }
64 silly audit report   ],
64 silly audit report   nodemailer: [
64 silly audit report     {
64 silly audit report       id: 1096366,
64 silly audit report       url: 'https://github.com/advisories/GHSA-9h6g-pr28-7cqp',
64 silly audit report       title: 'nodemailer ReDoS when trying to send a specially crafted email',
64 silly audit report       severity: 'moderate',
64 silly audit report       vulnerable_versions: '<=6.9.8',
64 silly audit report       cwe: [Array],
64 silly audit report       cvss: [Object]
64 silly audit report     }
64 silly audit report   ],
64 silly audit report   'path-to-regexp': [
64 silly audit report     {
64 silly audit report       id: 1101081,
64 silly audit report       url: 'https://github.com/advisories/GHSA-rhx6-c78j-4q9w',
64 silly audit report       title: 'Unpatched `path-to-regexp` ReDoS in 0.1.x',
64 silly audit report       severity: 'moderate',
64 silly audit report       vulnerable_versions: '<0.1.12',
64 silly audit report       cwe: [Array],
64 silly audit report       cvss: [Object]
64 silly audit report     },
64 silly audit report     {
64 silly audit report       id: 1099562,
64 silly audit report       url: 'https://github.com/advisories/GHSA-9wv6-86v2-598j',
64 silly audit report       title: 'path-to-regexp outputs backtracking regular expressions',
64 silly audit report       severity: 'high',
64 silly audit report       vulnerable_versions: '<0.1.10',
64 silly audit report       cwe: [Array],
64 silly audit report       cvss: [Object]
64 silly audit report     }
64 silly audit report   ],
64 silly audit report   send: [
64 silly audit report     {
64 silly audit report       id: 1100526,
64 silly audit report       url: 'https://github.com/advisories/GHSA-m6fv-jmcg-4jfg',
64 silly audit report       title: 'send vulnerable to template injection that can lead to XSS',
64 silly audit report       severity: 'low',
64 silly audit report       vulnerable_versions: '<0.19.0',
64 silly audit report       cwe: [Array],
64 silly audit report       cvss: [Object]
64 silly audit report     }
64 silly audit report   ],
64 silly audit report   'serve-static': [
64 silly audit report     {
64 silly audit report       id: 1100528,
64 silly audit report       url: 'https://github.com/advisories/GHSA-cm22-4g7w-348p',
64 silly audit report       title: 'serve-static vulnerable to template injection that can lead to XSS',
64 silly audit report       severity: 'low',
64 silly audit report       vulnerable_versions: '<1.16.0',
64 silly audit report       cwe: [Array],
64 silly audit report       cvss: [Object]
64 silly audit report     }
64 silly audit report   ]
64 silly audit report }
65 timing metavuln:cache:get:security-advisory:body-parser:uoEU0GS6gk35ZdcQ5nagZYzZcDz5Th0PEvPIVa8rzwbO20pRdxYbAhpIm6Wc5MALXoWb1C4X8WqCtH02U0Wo1A== Completed in 60ms
66 timing metavuln:cache:get:security-advisory:braces:JiXBFkEDkUnBQLw3PO6emUmmm2JXqgEbh+FhB3SNDS8k6Z0wM20irrfaOjjxYuMxZaKaDudvR037mtEoeqZzXw== Completed in 59ms
67 timing metavuln:cache:get:security-advisory:cookie:fiAgy8LdsBPaQEbo7M3TC0K1AVc7Dl69m8P2pmr6RTs1eBYnkyvV6lHHCRB0mAKtL1TSQPXxJVEHOqp48Uvhag== Completed in 59ms
68 timing metavuln:cache:get:security-advisory:nodemailer:3R+ZDqUGtmAOHqBo/GIHSnj4kIeziADiogmRK+KltHCL6n29j1eqw6rCDEkkFQXitiGnRa0hjWC7vLYgsIvPgg== Completed in 58ms
69 timing metavuln:cache:get:security-advisory:express:Y6ACp2DmYM+0HQ/I8CvEhLQJwNp8DOoQ76C8ObH06Y0qG40PIuVRmOi3OWzwUOTASTLCIWqeicWSO/acR3aaGQ== Completed in 61ms
70 timing metavuln:cache:get:security-advisory:path-to-regexp:2qdoAnGH3xB469g+aonHSVZDVP7zVBN7zKSrZom+Yx5jyXRqD98gvs0JcbJIcczqsPq3aVnw6g4EVzEWP24sQA== Completed in 59ms
71 timing metavuln:cache:get:security-advisory:mongoose:WWqvHXEeQpV3FnQE4A8P64U7tmkoMxM33ZQPPogWXc7U4k8oxrfMY3yfqOPMsV0DgU0OUYN4g48eq9GeinAduA== Completed in 62ms
72 timing metavuln:cache:get:security-advisory:path-to-regexp:MGO+1pdJTigPi3TXGZyVn35t2czXVkYs+fgMO7RE91yslgH9FQoQuUVMgE+5KM1TF4oevhUauG5tddQcIK8Fzg== Completed in 61ms
73 timing metavuln:cache:get:security-advisory:express:lBXrUDHGQ8w6TsFbfO+dIpiL3mSEKXOF2OuvW+b7kHxIhUYJTgPXfCu70PLwR+5DiyOmPyeCmimiWIYaeIPBdw== Completed in 64ms
74 timing metavuln:cache:get:security-advisory:send:OO84Jm+bi6L8ol/TxvTv+544ykBtTelmjwigseeY2D0sCzg0KsHTtaRRJob9h32hC3fi9i3JSBR51oHF0vvyRQ== Completed in 62ms
75 timing metavuln:cache:get:security-advisory:serve-static:VyBBWzRCPk4QPwU71mkZJ+QZdwW0bnbx/lUJDdvhij3t67jGrB4z2A5Ryyta1VjZgpmZ9kuyannc46B7jSSuiQ== Completed in 63ms
76 http fetch GET 200 https://registry.npmjs.org/braces 131ms (cache hit)
77 timing metavuln:packument:braces Completed in 134ms
78 timing metavuln:load:security-advisory:braces:1098094 Completed in 2ms
79 timing metavuln:calculate:security-advisory:braces:1098094 Completed in 136ms
80 http fetch GET 200 https://registry.npmjs.org/body-parser 137ms (cache hit)
81 timing metavuln:packument:body-parser Completed in 140ms
82 timing metavuln:load:security-advisory:body-parser:1099520 Completed in 2ms
83 timing metavuln:calculate:security-advisory:body-parser:1099520 Completed in 143ms
84 http fetch GET 200 https://registry.npmjs.org/cookie 141ms (cache hit)
85 timing metavuln:packument:cookie Completed in 141ms
86 timing metavuln:load:security-advisory:cookie:1099846 Completed in 0ms
87 timing metavuln:calculate:security-advisory:cookie:1099846 Completed in 142ms
88 http fetch GET 200 https://registry.npmjs.org/express 142ms (cache hit)
89 timing metavuln:packument:express Completed in 152ms
90 timing metavuln:load:security-advisory:express:1100530 Completed in 5ms
91 timing metavuln:calculate:security-advisory:express:1100530 Completed in 157ms
92 timing metavuln:load:security-advisory:express:1096820 Completed in 7ms
93 timing metavuln:calculate:security-advisory:express:1096820 Completed in 164ms
94 http fetch GET 200 https://registry.npmjs.org/path-to-regexp 162ms (cache hit)
95 timing metavuln:packument:path-to-regexp Completed in 164ms
96 timing metavuln:load:security-advisory:path-to-regexp:1101081 Completed in 1ms
97 timing metavuln:calculate:security-advisory:path-to-regexp:1101081 Completed in 165ms
98 timing metavuln:load:security-advisory:path-to-regexp:1099562 Completed in 0ms
99 timing metavuln:calculate:security-advisory:path-to-regexp:1099562 Completed in 166ms
100 http fetch GET 200 https://registry.npmjs.org/mongoose 176ms (cache hit)
101 timing metavuln:packument:mongoose Completed in 208ms
102 timing metavuln:load:security-advisory:mongoose:1101063 Completed in 8ms
103 timing metavuln:calculate:security-advisory:mongoose:1101063 Completed in 216ms
104 http fetch GET 200 https://registry.npmjs.org/nodemailer 217ms (cache hit)
105 timing metavuln:packument:nodemailer Completed in 223ms
106 timing metavuln:load:security-advisory:nodemailer:1096366 Completed in 5ms
107 timing metavuln:calculate:security-advisory:nodemailer:1096366 Completed in 235ms
108 http fetch GET 200 https://registry.npmjs.org/send 236ms (cache hit)
109 timing metavuln:packument:send Completed in 239ms
110 timing metavuln:load:security-advisory:send:1100526 Completed in 2ms
111 timing metavuln:calculate:security-advisory:send:1100526 Completed in 242ms
112 http fetch GET 200 https://registry.npmjs.org/serve-static 262ms (cache hit)
113 timing metavuln:packument:serve-static Completed in 264ms
114 timing metavuln:load:security-advisory:serve-static:1100528 Completed in 1ms
115 timing metavuln:calculate:security-advisory:serve-static:1100528 Completed in 265ms
116 timing metavuln:cache:get:security-advisory:express:jvTd6gzTcOHtTpI+4CX7Ne4qICdj+n1Uun+dHPDk1JAyy9ltqA8JnsvVhBi+M0Y+kR5QoSv5YqjecJACWBUhEA== Completed in 5ms
117 timing metavuln:load:security-advisory:express:uoEU0GS6gk35ZdcQ5nagZYzZcDz5Th0PEvPIVa8rzwbO20pRdxYbAhpIm6Wc5MALXoWb1C4X8WqCtH02U0Wo1A== Completed in 1ms
118 timing metavuln:calculate:security-advisory:express:uoEU0GS6gk35ZdcQ5nagZYzZcDz5Th0PEvPIVa8rzwbO20pRdxYbAhpIm6Wc5MALXoWb1C4X8WqCtH02U0Wo1A== Completed in 7ms
119 timing metavuln:cache:get:security-advisory:chokidar:LU+YLfVnn6vFXVAvnsGqd58Rz8g6tJ60ZMP+wazsDeQPoFbTHjxfCKIpn7lW6acFOIKvNjhthFMXqTIaWevt+w== Completed in 6ms
120 http fetch GET 200 https://registry.npmjs.org/chokidar 12ms (cache hit)
121 timing metavuln:packument:chokidar Completed in 16ms
122 timing metavuln:load:security-advisory:chokidar:JiXBFkEDkUnBQLw3PO6emUmmm2JXqgEbh+FhB3SNDS8k6Z0wM20irrfaOjjxYuMxZaKaDudvR037mtEoeqZzXw== Completed in 0ms
123 timing metavuln:calculate:security-advisory:chokidar:JiXBFkEDkUnBQLw3PO6emUmmm2JXqgEbh+FhB3SNDS8k6Z0wM20irrfaOjjxYuMxZaKaDudvR037mtEoeqZzXw== Completed in 16ms
124 timing metavuln:cache:get:security-advisory:cookie-parser:sDlhNVhVzHLlr5NOn1oZNoOUuqBS15f8C34c2B5V4HALuMj8x8t0nGF9Ey9QqedEK3SyeRoDDHIIBKbICoF5zA== Completed in 5ms
125 timing metavuln:cache:get:security-advisory:express:wpiLhoazHuPn1BZx3aoZElXRJGtv0L0hAoLu6mSYyQJJZRllThEbX+Zz/Sao2aEUznMvCOKVfYofpLqfRxfcfQ== Completed in 5ms
126 timing metavuln:load:security-advisory:express:fiAgy8LdsBPaQEbo7M3TC0K1AVc7Dl69m8P2pmr6RTs1eBYnkyvV6lHHCRB0mAKtL1TSQPXxJVEHOqp48Uvhag== Completed in 3ms
127 timing metavuln:calculate:security-advisory:express:fiAgy8LdsBPaQEbo7M3TC0K1AVc7Dl69m8P2pmr6RTs1eBYnkyvV6lHHCRB0mAKtL1TSQPXxJVEHOqp48Uvhag== Completed in 8ms
128 http fetch GET 200 https://registry.npmjs.org/cookie-parser 14ms (cache hit)
129 timing metavuln:packument:cookie-parser Completed in 15ms
130 timing metavuln:load:security-advisory:cookie-parser:fiAgy8LdsBPaQEbo7M3TC0K1AVc7Dl69m8P2pmr6RTs1eBYnkyvV6lHHCRB0mAKtL1TSQPXxJVEHOqp48Uvhag== Completed in 0ms
131 timing metavuln:calculate:security-advisory:cookie-parser:fiAgy8LdsBPaQEbo7M3TC0K1AVc7Dl69m8P2pmr6RTs1eBYnkyvV6lHHCRB0mAKtL1TSQPXxJVEHOqp48Uvhag== Completed in 16ms
132 timing metavuln:cache:get:security-advisory:express:ebtUTbPFP4GLpEWnCv5+nWyKme1GvNGh2ld1QU5lNTXxEKWFf6g6IO59JyRhLIuY6S5UVcC4dpdRfp+Zookh0g== Completed in 3ms
133 timing metavuln:load:security-advisory:express:2qdoAnGH3xB469g+aonHSVZDVP7zVBN7zKSrZom+Yx5jyXRqD98gvs0JcbJIcczqsPq3aVnw6g4EVzEWP24sQA== Completed in 2ms
134 timing metavuln:calculate:security-advisory:express:2qdoAnGH3xB469g+aonHSVZDVP7zVBN7zKSrZom+Yx5jyXRqD98gvs0JcbJIcczqsPq3aVnw6g4EVzEWP24sQA== Completed in 5ms
135 timing metavuln:cache:get:security-advisory:express:Qe6VF1gD5PmAmaVNrJr0J8EQ8Qwml8HW8gKRPrVTt49nXoALpdty5p0HEWXknOQEYO9qrvzPNstxfrAZkwfmTA== Completed in 3ms
136 timing metavuln:load:security-advisory:express:OO84Jm+bi6L8ol/TxvTv+544ykBtTelmjwigseeY2D0sCzg0KsHTtaRRJob9h32hC3fi9i3JSBR51oHF0vvyRQ== Completed in 3ms
137 timing metavuln:calculate:security-advisory:express:OO84Jm+bi6L8ol/TxvTv+544ykBtTelmjwigseeY2D0sCzg0KsHTtaRRJob9h32hC3fi9i3JSBR51oHF0vvyRQ== Completed in 7ms
138 timing metavuln:cache:get:security-advisory:serve-static:rFrbBZRsSM/oAPkR1kIOYwnT14s34lSDNsxxJua0O3dwCHVL9UuENLbLNsnwWaFICcgsfpfgwdjwWHwu1nJzWQ== Completed in 8ms
139 timing metavuln:load:security-advisory:serve-static:OO84Jm+bi6L8ol/TxvTv+544ykBtTelmjwigseeY2D0sCzg0KsHTtaRRJob9h32hC3fi9i3JSBR51oHF0vvyRQ== Completed in 1ms
140 timing metavuln:calculate:security-advisory:serve-static:OO84Jm+bi6L8ol/TxvTv+544ykBtTelmjwigseeY2D0sCzg0KsHTtaRRJob9h32hC3fi9i3JSBR51oHF0vvyRQ== Completed in 9ms
141 timing metavuln:cache:get:security-advisory:express:kykTo4VuC2rM2MB0/ANQ51tOegcUPd67Lh4iIK7TUUpqt61eQaJ70XtItcffrJ8PoIYxwtnuqm5DJGT19JMA/A== Completed in 5ms
142 timing metavuln:load:security-advisory:express:VyBBWzRCPk4QPwU71mkZJ+QZdwW0bnbx/lUJDdvhij3t67jGrB4z2A5Ryyta1VjZgpmZ9kuyannc46B7jSSuiQ== Completed in 5ms
143 timing metavuln:calculate:security-advisory:express:VyBBWzRCPk4QPwU71mkZJ+QZdwW0bnbx/lUJDdvhij3t67jGrB4z2A5Ryyta1VjZgpmZ9kuyannc46B7jSSuiQ== Completed in 10ms
144 timing auditReport:init Completed in 362ms
145 timing reify:audit Completed in 1666ms
146 timing reify Completed in 2148ms
147 silly ADD
148 silly REMOVE node_modules/caniuse-lite
149 timing command:uninstall Completed in 2237ms
150 verbose exit 0
151 timing npm Completed in 4096ms
152 info ok
